00000000: e59ff018 e59ff018 e59ff018 e59ff018    ................
00000010: e59ff018 eafffffe e59ff018 e59ff018    ................
00000020: 00000040 ffff0004 ffff0008 ffff000c    @...............
00000030: ffff0010 54300010 ffff0018 ffff001c    ......0T........
00000040: ee110f10 e3c00b0e e3c00005 ee010f10    ................
00000050: e321f0d3 ee10cfb0 e31c0b11 138cc004    ..!.............
00000060: e20cc00f e35c0000 1a00001d e3a00103    ......\.........
00000070: e3800a11 e3a02a01 e590113c e2011803    .....*..<.......
00000080: e2522001 0a000001 e3510803 1afffff9    . R.......Q.....
00000090: e3a00103 e3800801 e590b27c e3a00103    ........|.......
000000a0: e3800a11 e5901178 e59021bc e3c1180e    ....x....!......
000000b0: e3c1150e e3c2280e e3c2250e e31b0502    .....(...%......
000000c0: e3a03000 13a03802 13833502 03a03806    .0...8...5...8..
000000d0: 03833506 e1811003 e1822003 e5801178    .5....... ..x...
000000e0: e58021bc e59f00e0 ee0c0f10 ee110f10    .!..............
000000f0: e3c00a02 ee010f10 e3a00000 ee070f15    ................
00000100: ee070fd5 e35c0000 1a00001d e3a00103    ......\.........
00000110: e3800801 e3e01000 e5801230 e1a0000b    ........0.......
00000120: e3100902 1e111f10 13811b06 1e011f10    ................
00000130: e3a014ff e38118ff e2811902 e2812902    .............)..
00000140: e3a03000 e3a04000 e3a05000 e3a06000    .0...@...P...`..
00000150: e3a07000 e3a08000 e3a09000 e3a0a000    .p..............
00000160: e8a107f8 e1510002 bafffffc e3a0d4ff    ......Q.........
00000170: e38dd8ff e28dd801 eb000020 e12fff10    ........ ...../.
00000180: e3a0f000 e3a00103 e3800801 e3800e23    ............#...
00000190: e320f003 e5901000 e3710001 112fff11    .. .......q.../.
000001a0: eafffffa 4558454e 4e204c4c 34355058    ....NEXELL NXP54
000001b0: 52203033 20317665 2074634f 32203620    30 Rev1 Oct  6 2
000001c0: 20343130 353a3332 32343a35 00000000    014 23:55:42....
000001d0: e320f000 e320f000 e320f000 e320f000    .. ... ... ... .
000001e0: e320f000 e320f000 e320f000 e320f000    .. ... ... ... .
000001f0: e320f000 e320f000 e320f000 e320f000    .. ... ... ... .
00000200: e59f3180 e3a02001 e92d4ff0 e3c05007    .1... ...O-..P..
00000210: e3a09000 e24dd01c e2008007 e385b702    ......M.........
00000220: e5832800 e3a02003 e583289c e3c56702    .(... ...(...g..
00000230: e5839800 e2103701 e58d3000 01a03005    .....7...0...0..
00000240: 11a0300b e3580007 e3c33008 01a07005    .0....X..0...p..
00000250: 11a07006 e58d3004 e2073701 e1a04000    .p...0...7...@..
00000260: e58d3008 e2273008 e385a006 e58d300c    .0...0'......0..
00000270: e2043801 e58d3010 e2043702 e58d3014    .8...0...7...0..
00000280: ea000000 e3a09001 e2003007 e2433001    .........0...0C.
00000290: e3530006 979ff103 ea000008 000002b8    ..S.............
000002a0: 000002c0 000002d0 000002c8 000002d8    ................
000002b0: 000002c0 000002e0 eb000cc0 ea000008    ................
000002c0: eb00057a ea000006 eb000851 ea000004    z.......Q.......
000002d0: eb0007ca ea000002 eb0004bc ea000000    ................
000002e0: eb000b15 e3500000 1a000022 e3590000    ......P.".....Y.
000002f0: 1a00001e e59d3010 e3530000 0a00001b    .....0....S.....
00000300: e3580005 13580001 1a00000e e59d3014    ..X...X......0..
00000310: e3530000 0a000003 e3160701 13c60008    ..S.............
00000320: 03860008 ea00000d e3140008 159d0004    ................
00000330: 1a00000a e59d3000 e3530000 13850008    .....0....S.....
00000340: 1a000006 ea000004 e59d3008 e59d000c    .........0......
00000350: e3530000 01a00007 ea000000 e1a0000b    ..S.............
00000360: e3100601 13800001 03800005 eaffffc4    ................
00000370: e1a0000a eaffffc2 e3e03a0f e5130fb3    .........:......
00000380: e28dd01c e8bd8ff0 c0010000 e92d45f0    .............E-.
00000390: e282200f e24dd014 e1a04000 e1a05001    . ....M..@...P..
000003a0: e3a00013 e3a01001 e30f6ff0 e0026006    .........o...`..
000003b0: eb000054 e3a00013 e3a01000 eb000051    T...........Q...
000003c0: e59f30f4 e593205c e3120902 0afffffc    .0..\ ..........
000003d0: e3a00007 e3a01001 eb00004a e3a00007    ........J.......
000003e0: e3a01000 eb000047 e59f30d0 e3a02008    ....G....0... ..
000003f0: e59f10cc e1a06126 e3a00000 e5832000    ....&a....... ..
00000400: e3088308 e1a03001 e3087309 ea000026    .....0...s..&...
00000410: e1a0c00d e3a0200f e581800c e7d4a002    ..... ..........
00000420: e2522001 e4cca001 2afffffb e59d200c    . R........*. ..
00000430: e5832050 e59d2008 e5832054 e59d2004    P ... ..T ... ..
00000440: e5832058 e59d2000 e583205c e583700c    X ... ..\ ...p..
00000450: e5932000 e3822001 e5832000 e5912000    . ... ... ... ..
00000460: e3120001 0afffffc e5932060 e1a0c005    ........` ......
00000470: e58d200c e5932064 e58d2008 e5932068    . ..d ... ..h ..
00000480: e58d2004 e593206c e58d2000 e3a0200f    . ..l ... ... ..
00000490: e7dda002 e2522001 e4cca001 2afffffb    ..... R........*
000004a0: e2800004 e2855010 e2844010 e1500006    .....P...@....P.
000004b0: 3affffd6 e28dd014 e8bd85f0 c0067000    ...:.........p..
000004c0: c00c6000 c0015000 e7e23450 e7e02350    .`...P..P4..P#..
000004d0: e1a03603 e2822008 e7e311d0 e2833103    .6... .......1..
000004e0: e1a01081 e2833a1a e793c102 e92d4010    .....:.......@-.
000004f0: e3a04003 e0000004 e1ccc114 e18c1110    .@..............
00000500: e7831102 e8bd8010 e59fc020 e7e132d0    ........ ....2..
00000510: e3510000 e200001f e3a01001 e79c2103    ..Q..........!..
00000520: 11c22011 01822011 e78c2103 e12fff1e    . ... ...!..../.
00000530: c0012000 e59f201c e0210000 e3a03008    . ... ....!..0..
00000540: e3100001 10200002 e2533001 e1a000a0    ...... ..0S.....
00000550: 1afffffa e12fff1e 04c11db7 e3510000    ....../.......Q.
00000560: e92d4070 03e00000 08bd8070 e1510000    p@-.....p.....Q.
00000570: 83a00000 88bd8070 13a0c000 13a02020    ....p.......  ..
00000580: 11a0300c 1a000005 ea000018 e1a0cfa0    .0..............
00000590: e2422001 e18c3083 e1a0c000 e1a00080    . B..0..........
000005a0: e1530001 3afffff8 e2826001 e3a02000    ..S....:.`... ..
000005b0: e1a030a3 e1a00002 ea000009 e1a04fac    .0...........O..
000005c0: e1a0c08c e1843083 e2822001 e0614003    .....0... ...@a.
000005d0: e1e05004 e1a05fa5 e3550000 e1850080    .P..._....U.....
000005e0: 11a03004 e1520006 3afffff3 e8bd8070    .0....R....:p...
000005f0: e3a00001 e8bd8070 e92d4037 e2422001    ....p...7@-.. B.
00000600: e590c008 e3a04000 e59f0108 e59f5108    .....@.......Q..
00000610: e790310c e080010c e593c010 e590000c    .1..............
00000620: e38cc801 e583c010 e593c010 e3ccc001    ................
00000630: e583c010 e3a0c00a e580c000 e590c004    ................
00000640: e3cccd7f e3ccc03c e38cc008 e18cc282    ....<...........
00000650: e580c004 e3a0ca01 e5902000 e3822004    ......... ... ..
00000660: e5802000 e5932010 e3c22801 e5832010    . ... ...(... ..
00000670: e583502c e58d4004 ea000004 e59d2004    ,P...@....... ..
00000680: e2822001 e3520601 e58d2004 8a00001d    . ....R.. ......
00000690: e593202c e3520000 bafffff7 e5932044    , ....R.....D ..
000006a0: e2120a01 1583c044 1afffff0 e3510000    ....D.........Q.
000006b0: 0a000016 e5932010 e3a01a01 e59fc058    ..... ......X...
000006c0: e3822001 e5832010 e583c02c e58d0004    . ... ..,.......
000006d0: ea000004 e59d2004 e2822001 e3520601    ..... ... ....R.
000006e0: e58d2004 8a000007 e593202c e3520000    . ......, ....R.
000006f0: bafffff7 e5932044 e3120a01 0a000003    ....D ..........
00000700: e5831044 eaffffef e3a00000 ea000000    D...............
00000710: e3a00001 e8bd803e 00004308 80204000    ....>....C...@ .
00000720: e92d4037 e3e0c000 e5902008 e3a04a01    7@-...... ...J..
00000730: e59f3178 e5d10000 e5915004 e7933102    x1.......P...1..
00000740: e5912008 e583c044 e3a0c000 e58dc004    . ..D...........
00000750: e382c202 e18cc000 e5834044 e5835028    ........D@..(P..
00000760: e583c02c ea000004 e59d0004 e2800001    ,...............
00000770: e3500601 e58d0004 8a000045 e593002c    ..P.....E...,...
00000780: e3500000 bafffff7 e5930044 e2100a01    ..P.....D.......
00000790: 1afffff0 e202c901 e58d0004 e5930044    ............D...
000007a0: e3100004 1a00000f e59d0004 e2800001    ................
000007b0: e3500601 e58d0004 8a000037 e35c0000    ..P.....7.....\.
000007c0: 0afffff5 e5930044 e3100b01 1a000001    ....D...........
000007d0: eafffff1 e5930200 e5930048 e3100004    ........H.......
000007e0: 0afffffb eaffffec e593c044 e3000142    ........D...B...
000007f0: e00c0000 e3500000 0a00000a e5930044    ......P.....D...
00000800: e593c044 e2100040 13a00112 e31c0002    D...@...........
00000810: e593c044 13800122 e31c0c01 13800142    D...".......B...
00000820: e3500000 1a00001f e2120040 0a00001d    ..P.....@.......
00000830: e5930030 e20220c0 e35200c0 e5810010    0.... ....R.....
00000840: 1a000005 e5932034 e5812014 e5932038    ....4 ... ..8 ..
00000850: e5812018 e593203c e581201c e5d12001    . ..< ... ... ..
00000860: e3a00000 e3520081 1a00000e e58d0004    ......R.........
00000870: e59d2004 e2822001 e3520601 e58d2004    . ... ....R.. ..
00000880: 8a000007 e5930048 e2100c02 1afffff7    ....H...........
00000890: ea000004 e3a00106 ea000002 e3a0010a    ................
000008a0: ea000000 e59f0008 e581000c e8bd803e    ............>...
000008b0: 00004308 80000040 e5900008 e1a01481    .C..@...........
000008c0: e59f30d0 e92d4070 e3a05020 e7933100    .0..p@-. P...1..
000008d0: ea000028 e5930044 e3100020 1a000002    (...D... .......
000008e0: e5930044 e3100008 0a000015 e3a00601    D...............
000008f0: e593c048 e31c0004 1a000002 e3500000    H.............P.
00000900: 1a000002 ea00001d e2500001 2afffff7    ..........P....*
00000910: e5930048 e1a04002 e7ec08d0 e1a0c100    H....@..........
00000920: e06c1001 ea000002 e5936200 e2400001    ..l......b....@.
00000930: e4846004 e3500000 1afffffa e082200c    .`....P...... ..
00000940: e5835044 e593c044 e30a0280 e00c0000    DP..D...........
00000950: e3500000 1a00000d e5930044 e3100008    ..P.....D.......
00000960: 0a000004 e3510000 1affffd9 e3a02008    ......Q...... ..
00000970: e5832044 ea000001 e3510000 1affffd4    D ........Q.....
00000980: e3a02008 e3a00001 e5832044 e8bd8070    . ......D ..p...
00000990: e3a00000 e8bd8070 00004308 e92d4030    ....p....C..0@-.
000009a0: e24dd024 e1a04000 ebffff5c e2505000    $.M..@..\....PP.
000009b0: 0a000008 e300310d e1a00004 e58d3000    .....1.......0..
000009c0: e1a0100d e5943000 e58d3004 e59f3010    .....0...0...0..
000009d0: e58d3008 ebffff51 e1a00005 e28dd024    .0..Q.......$...
000009e0: e8bd8030 80000140 e92d4070 e3003137    0...@...p@-.71..
000009f0: e24dd020 e1a06001 e1a0100d e1a04000     .M..`.......@..
00000a00: e58d3000 e5903000 e58d3004 e59f3024    .0...0...0..$0..
00000a10: e58d3008 ebffff41 e2505000 1a000002    .0..A....PP.....
00000a20: e1a00004 e1a01006 ebffffdb e1a00005    ................
00000a30: e28dd020 e8bd8070 80002140 e92d4070     ...p...@!..p@-.
00000a40: e3a0100a e5902008 e1a06000 e59f50c0    ..... ...`...P..
00000a50: e7954102 e0852102 e592300c e5920018    .A...!...0......
00000a60: e5831000 e5931004 e3c11d7f e3c1103c    ............<...
00000a70: e3811028 e5831004 e5931000 e3811004    (...............
00000a80: e5831000 e3a01001 ebfffe9e e5963008    .............0..
00000a90: e3a01000 e0855103 e5950018 ebfffe99    .....Q..........
00000aa0: e3a03000 e3a02801 e5843004 e5842010    .0...(...0... ..
00000ab0: e3a02802 e5842114 e584300c e5843008    .(...!...0...0..
00000ac0: e5943000 e3c33060 e5843000 e3a03007    .0..`0...0...0..
00000ad0: e5843000 e5943000 e2133007 1afffffc    .0...0...0......
00000ae0: e3a00001 e3e0209b e5840004 e5842014    ..... ....... ..
00000af0: e3a02c02 e5843018 e584201c e59f2014    .,...0... ... ..
00000b00: e584204c e5843024 e3e03000 e5843044    L ..$0...0..D0..
00000b10: e8bd8070 00004308 00070008 e5902008    p....C....... ..
00000b20: e3e00000 e59f103c e92d4008 e7913102    ....<....@-..1..
00000b30: e5830044 e3a00007 e5830000 e5930000    D...............
00000b40: e2100007 1afffffc e0813102 e3a01001    .........1......
00000b50: e593200c e5820000 e5930018 ebfffe69    . ..........i...
00000b60: e3a00001 e8bd8008 00004308 e92d4ff0    .........C...O-.
00000b70: e1a05001 e590600c e24dd044 e3a01001    .P...`..D.M.....
00000b80: e1a04000 e5902008 e59f33ac e3560001    .@... ...3....V.
00000b90: 03a06001 13a06002 e7937102 e3a02078    .`...`...q..x ..
00000ba0: ebfffe94 e2509000 0a0000db e59f338c    ......P......3..
00000bb0: e3a08000 e5878018 e28d1020 e5848000    ........ .......
00000bc0: e1a00004 e58d3028 e300a1aa e58d8020    ....(0...... ...
00000bd0: e58d8024 ebffff70 e3003708 e1a00004    $...p....7......
00000be0: e58d3020 e28d1020 e59f3354 e58da024     0.. ...T3..$...
00000bf0: e58d3028 ebfffec9 e2507000 1a000003    (0.......pP.....
00000c00: e59d3030 e153000a 1a0000c8 e3a08101    00....S.........
00000c10: e3003137 e28da020 e58d3020 e1a00004    71.. ... 0......
00000c20: e5943000 e1a0100a e58d3024 e59f3310    .0......$0...3..
00000c30: e58d3028 ebfffeb9 e2507000 1a00001a    (0.......pP.....
00000c40: e59f3300 e3888583 e388870f e1a00004    .3..............
00000c50: e1a0100a e58d8024 e58d3020 e59f32e8    ....$... 0...2..
00000c60: e58d3028 ebfffead e3500000 059f72dc    (0........P..r..
00000c70: 0a000007 ea0000ad e1a00004 e1a0100a    ................
00000c80: ebffff58 e3500000 1a0000a5 e2577001    X.....P......pW.
00000c90: 0a0000a6 e59d3030 e3530000 aafffff5    ....00....S.....
00000ca0: e3a08001 e3a0a000 ea000019 e3a03000    .............0..
00000cb0: e1a0100a e59f7294 e300b301 e59f9290    .....r..........
00000cc0: e1a00004 e59fa280 e58d3020 e58d3024    ........ 0..$0..
00000cd0: e59f3268 e58d3028 ebffff2f e1a00004    h2..(0../.......
00000ce0: e28d1020 e58db020 e58d9024 e58da028     ... ...$...(...
00000cf0: ebffff29 e2508000 1a000089 e2577001    ).....P......pW.
00000d00: 0a00008a e59d3030 e3530000 aafffff2    ....00....S.....
00000d10: e3a0a802 e59d3030 e3a07000 e1a00004    ....00...p......
00000d20: e28d1020 e58d7024 e7e03f53 e5843004     ...$p..S?...0..
00000d30: e3003202 e58d3020 e59f3218 e58d3028    .2.. 0...2..(0..
00000d40: ebffff15 e2509000 1a000078 e3580001    ......P.x.....X.
00000d50: e3002103 e3003603 11a03002 e58d3020    .!...6...0.. 0..
00000d60: e1a00004 e59f31d8 e28d1020 e58da024    .....1.. ...$...
00000d70: e58d3028 ebffff08 e1500007 1a000066    (0........P.f...
00000d80: e3580001 e5c48010 01dd33b2 e1a00004    ..X......3......
00000d90: 1584a000 e3a01001 e1a02006 01a03803    ......... ...8..
00000da0: 05843000 ebfffe13 e2507000 0a00005f    .0.......pP._...
00000db0: e3083107 e59f6188 e58d3020 e1a00004    .1...a.. 0......
00000dc0: e5943000 e28d1020 e58d6028 e58d3024    .0.. ...(`..$0..
00000dd0: ebfffef1 e3500000 1a000051 e5d43010    ......P.Q....0..
00000de0: e3530001 1a000006 e59f316c e28d1020    ..S.....l1.. ...
00000df0: e58d0024 e1a00004 e58d6028 e58d3020    $.......(`.. 0..
00000e00: ebfffef8 e5943008 e3a08c02 e59f7128    .....0......(q..
00000e10: e1a00004 e59f6128 e28d1020 e58d8024    ....(a.. ...$...
00000e20: e797a103 e3a03e11 e58d3020 e58d6028    .....>.. 0..(`..
00000e30: ebfffed9 e3500000 1a000039 e5943008    ......P.9....0..
00000e40: e58a801c e7977103 e5d43010 e3530001    .....q...0....S.
00000e50: 1a000008 e59f3104 e1a00004 e28d1020    .....1...... ...
00000e60: e58d6028 e58d3020 e3a03002 e58d3024    (`.. 0...0..$0..
00000e70: ebfffedc ea000007 e3083106 e1a00004    .........1......
00000e80: e58d3020 e28d1020 e59f30d4 e58d6028     0.. ....0..(`..
00000e90: e58d3024 ebfffec0 e3500000 03a03001    $0........P..0..
00000ea0: 05873018 e3150020 0a00001f e5d43010    .0.. ........0..
00000eb0: e1a00004 e1a0100d e3530001 e59f3080    ..........S..0..
00000ec0: 0308212b 13082106 058d2000 158d2000    +!...!... ... ..
00000ed0: 059f2090 159f2090 e98d000c ebfffeae    . ... ..........
00000ee0: e3500000 1a000010 e59d3010 e3130802    ..P......0......
00000ef0: 0a00000d e300310d e1a00004 e58d3020    .....1...... 0..
00000f00: e28d1020 e5943000 e58d3024 e59f305c     ....0..$0..\0..
00000f10: e58d3028 ebfffe01 ea000003 e1a07009    (0...........p..
00000f20: ea000002 e3a07000 ea000000 e3a07001    .....p.......p..
00000f30: e1a00007 e28dd044 e8bd8ff0 00004308    ....D........C..
00000f40: 8000c000 80002140 01370329 80002040    ....@!..).7.@ ..
00000f50: 00100001 40fc0000 800021c0 0137012a    .......@.!..*.7.
00000f60: 01370106 03b70100 01000001 01b30100    ..7.............
00000f70: 80000140 e92d4008 e3a01000 e3a02078    @....@-.....x ..
00000f80: ebfffd9c e3a00001 e8bd8008 e92d47f0    .............G-.
00000f90: e1a05002 e1a08003 e5902008 e24dd020    .P....... .. .M.
00000fa0: e1a04000 e59f311c e1a06001 e7937102    .@...1...`...q..
00000fb0: e5973048 e3130c06 1afffffc e59fa108    H0..............
00000fc0: e300910d e5943000 e1a00004 e1a0100d    .....0..........
00000fd0: e58d9000 e98d0408 ebfffe6f e3500000    ........o.....P.
00000fe0: 1a000025 e59d3010 e3130c01 0afffff4    %....0..........
00000ff0: e7e334d3 e3530004 1afffff1 e1a03485    .4....S......4..
00001000: e3550001 e1a00004 e5873020 83003112    ..U..... 0...1..
00001010: 93003111 858d3000 958d3000 e1a0100d    .1...0...0......
00001020: 859f30a8 959f30a8 e58d3008 e5943004    .0...0...0...0..
00001030: e3530000 01a06486 e58d6004 ebfffe56    ..S..d...`..V...
00001040: e3500000 1a00000c e1a00004 e1a01005    ..P.............
00001050: e1a02008 ebfffe17 e3500001 1a000006    . ........P.....
00001060: e3550001 9a000015 e5973044 e3130901    ..U.....D0......
00001070: 0afffffc e3a00001 ea000010 e308310c    .............1..
00001080: e3a05000 e88d0028 e1a00004 e59f3044    .P..(.......D0..
00001090: e1a0100d e58d3008 ebfffda0 e5973048    .....0......H0..
000010a0: e3130004 11a00005 1a000004 e3a03002    .............0..
000010b0: e5873000 e5970000 e2100002 1afffffc    .0..............
000010c0: e28dd020 e8bd87f0 00004308 80000140     ........C..@...
000010d0: 80003340 80002340 80004140 e3500000    @3..@#..@A....P.
000010e0: e59f3274 1a00004a e5933000 e5932024    t2..J....0..$ ..
000010f0: e3c22333 e3822311 e5832024 e3012020    3#...#..$ ..  ..
00001100: e7931002 e3c11b33 e3c110cc e3811b11    ....3...........
00001110: e3811044 e7831002 e5932040 e3c2220a    D.......@ ..."..
00001120: e5832040 e5932044 e382220a e5832044    @ ..D ..."..D ..
00001130: e5932050 e382220a e5832050 e5932054    P ..."..P ..T ..
00001140: e382220a e5832054 e5932048 e382220a    ."..T ..H ..."..
00001150: e5832048 e593204c e382220a e583204c    H ..L ..."..L ..
00001160: e5932058 e382220a e5832058 e593205c    X ..."..X ..\ ..
00001170: e382220a e583205c e5932060 e3822102    ."..\ ..` ...!..
00001180: e5832060 e5932064 e382220a e5832064    ` ..d ..."..d ..
00001190: e2832a01 e2833d41 e5931000 e3c110aa    .*..A=..........
000011a0: e5831000 e5923044 e38330aa e5823044    ....D0...0..D0..
000011b0: e5923050 e38330aa e5823050 e5923054    P0...0..P0..T0..
000011c0: e38330aa e5823054 e5923048 e38330aa    .0..T0..H0...0..
000011d0: e5823048 e592304c e38330aa e582304c    H0..L0...0..L0..
000011e0: e5923058 e38330aa e5823058 e592305c    X0...0..X0..\0..
000011f0: e38330aa e582305c e5923060 e38330aa    .0..\0..`0...0..
00001200: e5823060 e5923064 e38330aa e5823064    `0..d0...0..d0..
00001210: e12fff1e e3500001 e5932000 1a000026    ../...P.. ..&...
00001220: e3033024 e7921003 e3c118ff e3c11a0f    $0..............
00001230: e3811855 e3811a05 e7821003 e2823a03    U............:..
00001240: e2822dc1 e5921000 e3c1153f e5821000    .-......?.......
00001250: e5932044 e382253f e5832044 e5932050    D ..?%..D ..P ..
00001260: e382253f e5832050 e5932054 e382253f    ?%..P ..T ..?%..
00001270: e5832054 e5932048 e382253f e5832048    T ..H ..?%..H ..
00001280: e593204c e382253f e583204c e5932058    L ..?%..L ..X ..
00001290: e382253f e5832058 e593205c e382253f    ?%..X ..\ ..?%..
000012a0: e583205c e5932060 e382253e e5832060    \ ..` ..>%..` ..
000012b0: e5932064 e382253f ea000025 e3023024    d ..?%..%...$0..
000012c0: e7921003 e3c11cff e3c110f0 e3811caa    ................
000012d0: e38110a0 e7821003 e2823a03 e2822dc1    .........:...-..
000012e0: e5921000 e3c1173f e5821000 e5932044    ....?.......D ..
000012f0: e382273f e5832044 e5932050 e382273f    ?'..D ..P ..?'..
00001300: e5832050 e5932054 e382273f e5832054    P ..T ..?'..T ..
00001310: e5932048 e382273f e5832048 e593204c    H ..?'..H ..L ..
00001320: e382273f e583204c e5932058 e382273f    ?'..L ..X ..?'..
00001330: e5832058 e593205c e382273f e583205c    X ..\ ..?'..\ ..
00001340: e5932060 e382273e e5832060 e5932064    ` ..>'..` ..d ..
00001350: e382273f e5832064 e12fff1e 00004304    ?'..d ..../..C..
00001360: e3500000 e59f3260 1a000047 e5933000    ..P.`2..G....0..
00001370: e5932024 e3c22333 e5832024 e3012020    $ ..3#..$ ..  ..
00001380: e7931002 e3c11b33 e3c110cc e7831002    ....3...........
00001390: e5932040 e382220a e5832040 e5932044    @ ..."..@ ..D ..
000013a0: e382220a e5832044 e5932050 e3c2220a    ."..D ..P ..."..
000013b0: e5832050 e5932054 e382220a e5832054    P ..T ..."..T ..
000013c0: e5932048 e3c2220a e5832048 e593204c    H ..."..H ..L ..
000013d0: e382220a e583204c e5932058 e3c2220a    ."..L ..X ..."..
000013e0: e5832058 e593205c e3c2220a e583205c    X ..\ ..."..\ ..
000013f0: e5932060 e3c2220a e5832060 e5932064    ` ..."..` ..d ..
00001400: e3c2220a e5832064 e2832a01 e2833d41    ."..d ...*..A=..
00001410: e5931000 e38110aa e5831000 e5923044    ............D0..
00001420: e38330aa e5823044 e5923050 e3c330aa    .0..D0..P0...0..
00001430: e5823050 e5923054 e38330aa e5823054    P0..T0...0..T0..
00001440: e5923048 e3c330aa e5823048 e592304c    H0...0..H0..L0..
00001450: e38330aa e582304c e5923058 e3c330aa    .0..L0..X0...0..
00001460: e5823058 e592305c e3c330aa e582305c    X0..\0...0..\0..
00001470: e5923060 e3c330aa e5823060 e5923064    `0...0..`0..d0..
00001480: e3c330aa e5823064 e12fff1e e3500001    .0..d0..../...P.
00001490: e5932000 1a000024 e3033024 e7921003    . ..$...$0......
000014a0: e3c118ff e3c11a0f e7821003 e2823a03    .............:..
000014b0: e2822dc1 e5921000 e381153f e5821000    .-......?.......
000014c0: e5932044 e382253f e5832044 e5932050    D ..?%..D ..P ..
000014d0: e3c2253f e5832050 e5932054 e382253f    ?%..P ..T ..?%..
000014e0: e5832054 e5932048 e3c2253f e5832048    T ..H ..?%..H ..
000014f0: e593204c e382253f e583204c e5932058    L ..?%..L ..X ..
00001500: e3c2253f e5832058 e593205c e3c2253f    ?%..X ..\ ..?%..
00001510: e583205c e5932060 e3c2253f e5832060    \ ..` ..?%..` ..
00001520: e5932064 e3c2253f ea000025 e3023024    d ..?%..%...$0..
00001530: e7921003 e3c11cff e3c110f0 e3811c55    ............U...
00001540: e3811050 e7821003 e2823a03 e2822dc1    P........:...-..
00001550: e5921000 e381173f e5821000 e5932044    ....?.......D ..
00001560: e382273f e5832044 e5932050 e3c2273f    ?'..D ..P ..?'..
00001570: e5832050 e5932054 e382273f e5832054    P ..T ..?'..T ..
00001580: e5932048 e3c2273f e5832048 e593204c    H ..?'..H ..L ..
00001590: e382273f e583204c e5932058 e3c2273f    ?'..L ..X ..?'..
000015a0: e5832058 e593205c e3c2273f e583205c    X ..\ ..?'..\ ..
000015b0: e5932060 e3c2273f e5832060 e5932064    ` ..?'..` ..d ..
000015c0: e3c2273f e5832064 e12fff1e 00004304    ?'..d ..../..C..
000015d0: e92d4070 e7e031d0 e24dd038 e3100702    p@-..1..8.M.....
000015e0: e1a04000 e58d300c 12833002 158d300c    .@...0...0...0..
000015f0: e59d300c e3530002 83a03002 93a03000    .0....S..0...0..
00001600: 858d300c 83a03001 e59d000c e58d3010    .0...0.......0..
00001610: ebfffeb1 e28d0004 ebfffd07 e3140010    ................
00001620: 0a000037 e59d200c e3a01001 e59f31e4    7.... .......1..
00001630: e3a06000 e28d0004 e7935102 e59d2010    .`.......Q... ..
00001640: e5851018 e1520001 e5856020 01a02001    ......R. `... ..
00001650: 13a02002 ebfffbe7 e1500006 0a000028    . ........P.(...
00001660: e3e03005 e3140040 e58d301c e28d0004    .0..@....0......
00001670: e59f31a4 e28d1018 e58d6018 e58d3020    .1.......`.. 0..
00001680: 12833401 158d3020 ebfffc24 e3500000    .4.. 0..$.....P.
00001690: 1a00000b e28d0004 e3a01902 e59f217c    ............|!..
000016a0: ebfffc84 e3500000 0a000005 e3140901    ......P.........
000016b0: 0a000003 e59f0164 e3a02902 e1a01000    ....d....)......
000016c0: ebfffb31 e3a03000 e28d0004 e58d3018    1....0.......0..
000016d0: e28d1018 e58d301c e59f3144 e58d3020    .....0..D1.. 0..
000016e0: ebfffc0e e5953048 e3130004 1a000004    ....H0..........
000016f0: e3a03002 e5853000 e5953000 e3130002    .0...0...0......
00001700: 1afffffc e59d200c e28d0004 e59f3104    ..... .......1..
00001710: e1a01004 e7935102 ebfffd13 e3500001    .....Q........P.
00001720: 1a000032 e5953048 e3130004 1a00000b    2...H0..........
00001730: e3a03601 e58d3000 e3a03002 e5853000    .6...0...0...0..
00001740: e5953000 e3130002 0a000004 e59d3000    .0...........0..
00001750: e3530000 e2432001 e58d2000 1afffff7    ..S.. C.. ......
00001760: e3a01001 e28d0004 e1a02001 e59f30ac    ......... ...0..
00001770: ebfffe05 e2506000 0a00001d e2144901    .....`P......I..
00001780: 0a000003 e59f0094 e3a02c02 e1a01000    .........,......
00001790: ebfffafd e3e03a0f e59f2088 e5131e03    .....:... ......
000017a0: e1510002 1a000011 e5135fbb e28d0004    ..Q......_......
000017b0: e3a01002 e59f3070 e3550a0f 23a05a0f    ....p0....U..Z.#
000017c0: e2852f7f e2822003 e1a024a2 ebfffdee    ./... ...$......
000017d0: e3540000 e1a06000 0a000005 e59f0048    ..T..`......H...
000017e0: e1a02005 e1a01000 ebfffae7 ea000000    . ..............
000017f0: e3a06000 e28d0004 ebfffddd e28d0004    .`..............
00001800: ebfffcc5 e59d000c ebfffed4 e1a00006    ................
00001810: e28dd038 e8bd8070 00004308 80008200    8...p....C......
00001820: ffff0000 84004000 4849534e ffff0200    .....@..NSIH....
00001830: e2923003 e92d4030 42822006 51a02003    .0..0@-.. .B. .Q
00001840: e59fc024 e1a02142 e3a03000 ea000003    $...B!...0......
00001850: e4915004 e2833001 e2804001 e78c5604    .P...0...@...V..
00001860: e1530002 bafffff9 e8bd8030 c0040000    ..S.....0.......
00001870: e24dd008 e3a0306a ea000008 e58d3004    ..M.j0.......0..
00001880: ea000002 e59d2004 e2422001 e58d2004    ..... ... B.. ..
00001890: e59d2004 e3520000 1afffff9 e2400001    . ....R.......@.
000018a0: e3500000 1afffff4 e28dd008 e12fff1e    ..P.........../.
000018b0: e59f2900 e3a03201 e92d47f0 e1a0a000    .)...2...G-.....
000018c0: e24dd088 e592105c e3110902 1a000002    ..M.\...........
000018d0: e2533001 1afffffa ea000007 e3530000    .0S...........S.
000018e0: 0a000005 e59f38cc e593200c e3520000    .....8... ....R.
000018f0: 11a01822 16ff2072 1a000001 e3052430    "...r ......0$..
00001900: e3021375 e59fc8b0 e3a00000 e28d3088    u............0..
00001910: e443007c e7d0e00c e5c3e054 e59fe89c    |.C.....T.......
00001920: e7d0e00e e2800001 e3500012 e5c3e068    ..........P.h...
00001930: e2833001 1afffff6 e6ef0071 e1a01421    .0......q...!...
00001940: e59f487c e6ef3072 e1a02422 e5cd0068    |H..r0.."$..h...
00001950: e5cd1069 e5cd007c e3a00039 e5cd107d    i...|...9...}...
00001960: e3a01001 e5cd206b e5cd207f e5cd306a    ....k ... ..j0..
00001970: e5cd307e ebfffae3 e3a01000 e3a00039    ~0..........9...
00001980: ebfffae0 e5943030 e31a0802 13a0207f    ....00....... ..
00001990: e3a00028 e3c33003 e5843030 e5943038    (....0..00..80..
000019a0: e3833c03 e5843038 159f3818 059f3818    .<..80...8...8..
000019b0: 15843034 159f3814 05843034 15832000    40...8..40... ..
000019c0: e5943034 e3833080 e5843034 ebffffa7    40...0..40......
000019d0: e5943034 e3a00001 e3833008 e5843034    40.......0..40..
000019e0: ebffffa2 e5943034 e3a00001 e3833004    ....40.......0..
000019f0: e5843034 ebffff9d e59f37d4 e3a02001    40.......7... ..
00001a00: e5832010 e5932010 e59f47c4 e3520000    . ... ...G....R.
00001a10: aafffffb e3a03001 e5843008 e305340f    .....0...0...4..
00001a20: e584300c e5943014 e3130001 1a00000b    .0...0..........
00001a30: e5943804 e3a0000a e3833002 e5843804    .8.......0...8..
00001a40: ebffff8a e5943804 e3c33002 e5843804    .....8...0...8..
00001a50: e3a03701 e5843800 e59f3778 e5843018    .7...8..x7...0..
00001a60: e3a03000 e28d7088 e5cd3054 e5cd3055    .0...p..T0..U0..
00001a70: e5cd3056 e5cd302c e58d3028 e3a03001    V0..,0..(0...0..
00001a80: e527307c e2879068 e59f4744 ea0001a7    |0'.h...DG......
00001a90: e5942014 e59f373c e0023003 e3530000    . ..<7...0....S.
00001aa0: 0a0001a2 e5945014 e3150a01 0a000020    .....P...... ...
00001ab0: e3a02000 e2821058 e2822001 e7940281    . ..X.... ......
00001ac0: e3520010 e59f3708 e3800302 e7840281    ..R..7..........
00001ad0: 1afffff7 e59f1700 e3a02000 e58d2028    ......... ..( ..
00001ae0: e583181c e3a0100d e5831814 e3a0101d    ................
00001af0: e5831810 e3a01c02 e5831024 e2811402    ........$.......
00001b00: e5831028 e1a03002 e2831058 e2833001    (....0..X....0..
00001b10: e7940281 e3530010 e59f26b4 e3800321    ......S..&..!...
00001b20: e7840281 1afffff7 e5923800 e3c33e7f    .........8...>..
00001b30: e5823800 e3150a02 0a00003a e5942808    .8......:....(..
00001b40: e3a03000 e58d3010 e58d3024 e7e120d2    .0...0..$0... ..
00001b50: e1520003 e59f3678 0a000001 e3520001    ..R.x6........R.
00001b60: 1a00016f e5cd202c e3a020ff e5832908    o..., ... ...)..
00001b70: e5832b08 e5832928 e5832b48 e5dd302c    .+..()..H+..,0..
00001b80: e3530000 e3a03040 1a00000b e58d3030    ..S.@0......00..
00001b90: e3a03c02 e58d3034 e58d3038 e2873054    .<..40..80..T0..
00001ba0: e58d3058 e59f3634 e58d305c e3a03301    X0..46..\0...3..
00001bb0: e5843900 e3a03321 ea000009 e58d3034    .9..!3......40..
00001bc0: e3a02008 e58d3038 e59f3614 e58d2030    . ..80...6..0 ..
00001bd0: e58d9058 e58d305c e3a033c1 e5843900    X...\0...3...9..
00001be0: e3a033e1 e5843b00 e59f35e8 e5843018    .3...;...5...0..
00001bf0: e3a03001 e5843008 e59d3038 e3832702    .0...0..80...'..
00001c00: e3833321 e5842b50 e3833922 e3a02702    !3..P+.."9...'..
00001c10: e5842b30 e5843b40 e59d3034 e3833301    0+..@;..40...3..
00001c20: e3833922 e5843920 e3150010 0a0000c0    "9.. 9..........
00001c30: e59f35b0 e5843018 e5942020 e202381e    .5...0..  ...8..
00001c40: e3530703 1a000059 e59d3028 e3530000    ..S.Y...(0....S.
00001c50: 1a00004d e3a03a01 e7942003 e58d2004    M....:... ... ..
00001c60: e7943003 e58d3008 e5dd3005 e353000c    .0...0...0....S.
00001c70: 979ff103 ea000044 00001d68 00001d8c    ....D...h.......
00001c80: 00001d8c 00001d8c 00001d8c 00001cac    ................
00001c90: 00001cf0 00001d8c 00001cd0 00001cc4    ................
00001ca0: 00001d70 00001d78 00001d84 e5dd302c    p...x.......,0..
00001cb0: e5dd2006 e3833701 e1833202 e5843800    . ...7...2...8..
00001cc0: ea00002f e1dd30b6 e5cd3054 ea00002c    /....0..T0..,...
00001cd0: e59f3514 e5843910 e3a033e1 e5843900    .5...9...3...9..
00001ce0: e3a03a01 e5dd2054 e7842003 ea000024    .:..T ... ..$...
00001cf0: e1dd20b6 e1dd30ba e1a02422 e58d3044    . ...0.."$..D0..
00001d00: e3520001 0a000005 e3520002 15943900    ..R.......R..9..
00001d10: 13833602 15843900 1a00001b ea000007    .6...9..........
00001d20: e59d2058 e3530012 83a03012 e58d203c    X ....S..0..< ..
00001d30: e59d2030 e58d2040 8a000007 ea000007    0 ..@ ..........
00001d40: e59d205c e3530020 e58d203c e59d2030    \ .. .S.< ..0 ..
00001d50: e58d2040 9a000001 e3a03020 e58d3044    @ ...... 0..D0..
00001d60: e3a03001 ea000007 e3a03004 ea000005    .0.......0......
00001d70: e3a03002 ea000003 e5dd3006 e5cd3055    .0.......0..U0..
00001d80: e5cd3056 e3a03000 e58d3028 e59d3030    V0...0..(0..00..
00001d90: e3833702 e5843910 e5dd302c e3530000    .7...9..,0....S.
00001da0: 03a03301 13a033c1 e5843900 ea00005e    .3...3...9..^...
00001db0: e3530701 1a00005c e7ea3252 e7e020d2    ..S.\...R2... ..
00001dc0: e3530000 03a02000 12022001 e3520000    ..S.. ... ....R.
00001dd0: 0a000055 e59d2010 e2830003 e3520001    U.... ........R.
00001de0: 0a000036 e59d2024 e1a00140 e3a01000    6...$ ..@.......
00001df0: e3a06a03 e3520000 e282e003 a1a0e002    .j....R.........
00001e00: e3cee003 e24ee801 e7948006 e2811001    ......N.........
00001e10: e1510000 e59fc3b8 e48e8004 bafffff9    ..Q.............
00001e20: e3130003 159c3b40 00833002 058d3024    ....@;...0..$0..
00001e30: 13833602 158c3b40 e59d3024 e3530c02    .6..@;..$0....S.
00001e40: ba000031 e31a0901 0a000003 e59f039c    1...............
00001e50: e3a02c02 e1a01000 ebfff94b e3e03a0f    .,......K....:..
00001e60: e59f238c e5131e03 e1510002 1a00000d    .#........Q.....
00001e70: e3a02001 e58d2010 e5133fbb e59d2024    . ... ...?..$ ..
00001e80: e3530a0f e58d301c c3a03a0f e2422801    ..S..0...:...(B.
00001e90: c58d301c e59d301c e58d2014 e58d2018    .0...0... ... ..
00001ea0: e58d3020 ea000018 e3a03000 e58d3024     0.......0..$0..
00001eb0: e5943b40 e3833602 e5843b40 ea000012    @;...6..@;......
00001ec0: e59d1014 e1a0e140 e3a02000 e3a0ca03    ....@.... ......
00001ed0: e1a00001 e794600c e2822001 e152000e    .....`... ....R.
00001ee0: e4806004 bafffffa e59d201c e0811003    .`....... ......
00001ef0: e58d1014 e0633002 e3530000 e58d301c    .....0c...S..0..
00001f00: d3a03000 d58d300c d58d3010 e59d3038    .0...0...0..80..
00001f10: e3832702 e3833321 e3833922 e5842b50    .'..!3.."9..P+..
00001f20: e5843b40 e59f32ac e5843018 e59f32a4    @;...2...0...2..
00001f30: e5843018 e3150703 0a000079 e5948818    .0......y.......
00001f40: e59f228c e3180001 0a000041 e5946908    ."......A....i..
00001f50: e3160010 0a00003d e59d3030 e592102c    ....=...00..,...
00001f60: e6ff1071 e1510003 3afffffb e59d3028    q.....Q....:(0..
00001f70: e3530004 979ff103 ea000034 00001f90    ..S.....4.......
00001f80: 00001fa4 00002018 00002018 00002018    ..... ... ... ..
00001f90: e3a03702 e5843910 e3a033e1 e5843900    .7...9...3...9..
00001fa0: ea00002a e5dd302c e3530000 03a03321    *...,0....S.!3..
00001fb0: 13a033e1 e5843900 e59d3040 e59d2044    .3...9..@0..D ..
00001fc0: e1530002 3a000005 e3823702 e3a00000    ..S....:.7......
00001fd0: e5843910 e59d103c ebfffe14 ea000019    .9..<...........
00001fe0: e3832702 e3a00000 e5842910 e1a02003    .'.......)... ..
00001ff0: e59d103c ebfffe0d e59d3040 e59d2044    <.......@0..D ..
00002000: e0632002 e58d2044 e59d203c e0823003    . c.D ..< ...0..
00002010: e58d303c ea00000d e59f21cc e3530002    <0.......!....S.
00002020: e5842910 e3a023e1 e5842900 e3a02a01    .)...#...)...*..
00002030: 05dd3055 0a000002 e3530003 05dd3054    U0........S.T0..
00002040: 13a03000 e7843002 e3a03000 e58d3028    .0...0...0..(0..
00002050: e5846908 e3180801 0a000005 e59f2194    .i...........!..
00002060: e5943b08 e5842b10 e3a02321 e5842b00    .;...+..!#...+..
00002070: e5843b08 e3180002 0a000026 e5943928    .;......&...(9..
00002080: e3130010 e5843928 0a000022 e59d304c    ....(9.."...L0..
00002090: e59d6048 e59d1050 e59d2034 e0866003    H`..P...4 ...`..
000020a0: e0616006 e1560002 9a00000b e3823702    .`a...V......7..
000020b0: e3a00001 e5843930 e3823321 e3833922    ....09..!3.."9..
000020c0: e5843920 ebfffdd9 e59d2050 e59d3034     9......P ..40..
000020d0: e0823003 e58d3050 ea00000e e3560000    .0..P0........V.
000020e0: 059f3114 05843920 0a00000a e3822321    .1.. 9......!#..
000020f0: e3863702 e3822922 e5843930 e3a00001    .7..")..09......
00002100: e5842920 e1a02006 ebfffdc8 e59d3050     )... ......P0..
00002110: e0836006 e58d6050 e3180701 15943b48    .`..P`......H;..
00002120: 15843b48 e3e03000 e5845014 e5843014    H;...0...P...0..
00002130: e59d300c e3530000 e59f3094 1afffe53    .0....S..0..S...
00002140: e3a02001 e5832010 e5932010 e3520000    . ... ... ....R.
00002150: aafffffc e59f3074 e3a02000 e3a00039    ....t0... ..9...
00002160: e3a01001 e5832000 e2433a5b e5932034    ..... ..[:C.4 ..
00002170: e3c22008 e5832034 e5932034 e3c22004    . ..4 ..4 ... ..
00002180: e5832034 e5932034 e3822d06 e5832034    4 ..4 ...-..4 ..
00002190: ebfff8dc e31a0901 0a000003 e59d0018    ................
000021a0: e59d2020 e1a01000 ebfff877 e3a00001      ......w.......
000021b0: e28dd088 e8bd87f0 c0067000 0000432c    .........p..,C..
000021c0: 00004340 c0011000 a3006c00 a0006c00    @C.......l...l..
000021d0: c006c000 c0040000 800c3810 00050003    .........8......
000021e0: 00004354 00004374 800c3800 00080001    TC..tC...8......
000021f0: ffff0000 4849534e 20080008 08080000    ....NSIH... ....
00002200: e92d45f8 e7e061d0 e59f31e8 e3a02008    .E-..a...1... ..
00002210: e1a0a000 e3a01001 e5935000 e59f31d8    .........P...1..
00002220: e7934106 e0833106 e5937008 e5938010    .A...1...p......
00002230: e5872000 e3a02f49 e5872004 e1a00008    . ..I/... ......
00002240: ebfff8b0 e1a00008 e3a01000 ebfff8ad    ................
00002250: e3033020 e3560000 e7952003 03c22203     0....V.. ..."..
00002260: 13c22103 03822201 13822101 e7852003    .!..."...!... ..
00002270: e3a03003 e5843000 e59f3180 e5843004    .0...0...1...0..
00002280: e3003441 e5843008 e21a3040 13a03007    A4...0..@0...0..
00002290: 03a02047 15843028 13a03000 05842028    G ..(0...0..( ..
000022a0: e3e02cfe e584302c e3a0300c e5873000    .,..,0...0...0..
000022b0: e59f314c e5843004 e3e03801 e5941018    L1...0...8......
000022c0: e31100ff 0afffffc e5941014 e311000f    ................
000022d0: 1a000003 e5941024 e5e31001 e1530002    ....$.........S.
000022e0: 1afffff5 e21aa901 0a000003 e59f0114    ................
000022f0: e3a02c02 e1a01000 ebfff823 e3e03a0f    .,......#....:..
00002300: e59f2104 e5131e03 e1510002 13a08000    .!........Q.....
00002310: 1a000027 e5138fbb e3e03cfe e3580a0f    '........<....X.
00002320: a3a08a0f ea000007 e5942018 e31200ff    ......... ......
00002330: 0afffffc e5942014 e312000f 1a000005    ..... ..........
00002340: e5942024 e5e32001 e2832cfe e2822001    $ ... ...,... ..
00002350: e1520008 bafffff3 e35a0000 0a000003    ..R.......Z.....
00002360: e59f00a8 e1a02008 e1a01000 ebfff806    ..... ..........
00002370: e3e0acfe e3a00000 ea000001 e5fa1001    ................
00002380: ebfff86b e28a3cfe e2833001 e1530008    k....<...0....S.
00002390: bafffff9 e3500000 01a08000 0a000004    ......P.........
000023a0: e3e03a0f e5138fa7 e0683000 e2738000    .:.......0h...s.
000023b0: e0a88003 e3a03000 e3560000 e5843004    .....0....V..0..
000023c0: e3a03008 e5873000 e3033020 e7952003    .0...0.. 0... ..
000023d0: e3a01001 03c22203 13c22103 e7852003    ....."...!... ..
000023e0: e59f3014 e0836106 e5960010 ebfff845    .0...a......E...
000023f0: e1a00008 e8bd85f8 00004304 00004394    .........C...C..
00002400: 00113340 00113341 ffff0000 4849534e    @3..A3......NSIH
00002410: ffff0200 e3100702 e92d4ff8 e1a09000    .........O-.....
00002420: e7e051d0 0a000004 e3550001 01a03005    .Q........U..0..
00002430: 03a05000 0a000001 e3a05002 e3a03000    .P.......P...0..
00002440: e59f26dc e3530001 03a030e0 e7924105    .&....S..0...A..
00002450: e0822105 e592600c e3a02008 e5862000    .!...`... ... ..
00002460: 0a000002 e3190040 13a03e22 030035e8    ....@...">...5..
00002470: e59f76ac e1a0a085 e5863004 e3a0300c    .v.......0...0..
00002480: e5863000 e28a8001 e3a01001 e0873185    .0...........1..
00002490: e0877108 e593b018 e1a0000b ebfff819    .q..............
000024a0: e5977018 e3a01001 e1a00007 ebfff815    .p..............
000024b0: e1a0000b e3a01000 ebfff812 e1a00007    ................
000024c0: e3a01000 ebfff80f e3550000 e59f3654    ..........U.T6..
000024d0: 1a00002a e5932000 e2823a02 e5931024    *.... ...:..$...
000024e0: e3c1133f e3811315 e5831024 e2821d81    ?.......$.......
000024f0: e5910000 e2822a03 e3c0020e e5810000    .....*..........
00002500: e5931044 e381120e e5831044 e5931050    D.......D...P...
00002510: e381120e e5831050 e5931054 e381120e    ....P...T.......
00002520: e5831054 e5931048 e381120e e5831048    T...H.......H...
00002530: e593104c e381120e e583104c e5931058    L.......L...X...
00002540: e381120e e5831058 e593105c e381120e    ....X...\.......
00002550: e583105c e5931060 e3c1120e e5831060    \...`.......`...
00002560: e5931064 e381120e e5831064 e5923020    d.......d... 0..
00002570: e3c33003 e3833001 e5823020 ea00004e    .0...0.. 0..N...
00002580: e3550001 1a000027 e5933000 e2833901    ..U.'....0...9..
00002590: e5932020 e3c2220f e382220a e5832020      ..."..."..  ..
000025a0: e5932024 e3c220f0 e38220a0 e5832024    $ ... ... ..$ ..
000025b0: e5932040 e3c22923 e5832040 e5932044    @ ..#)..@ ..D ..
000025c0: e3822923 e5832044 e5932050 e3822923    #)..D ..P ..#)..
000025d0: e5832050 e5932054 e3822923 e5832054    P ..T ..#)..T ..
000025e0: e5932048 e3822923 e5832048 e593204c    H ..#)..H ..L ..
000025f0: e3822923 e583204c e5932058 e3822923    #)..L ..X ..#)..
00002600: e5832058 e593205c e3822923 e583205c    X ..\ ..#)..\ ..
00002610: e5932060 e3c22923 e5832060 e5932064    ` ..#)..` ..d ..
00002620: e3822923 ea000023 e5932000 e2823a02    #)..#.... ...:..
00002630: e2822d81 e5931020 e3c117ff e38117aa    .-.. ...........
00002640: e5831020 e5921000 e3c11c16 e5821000     ...............
00002650: e5932044 e3822c16 e5832044 e5932050    D ...,..D ..P ..
00002660: e3822c16 e5832050 e5932054 e3822c16    .,..P ..T ...,..
00002670: e5832054 e5932048 e3822c16 e5832048    T ..H ...,..H ..
00002680: e593204c e3822c16 e583204c e5932058    L ...,..L ..X ..
00002690: e3822c16 e5832058 e593205c e3822c16    .,..X ..\ ...,..
000026a0: e583205c e5932060 e3c22c16 e5832060    \ ..` ...,..` ..
000026b0: e5932064 e3822c16 e5832064 e2193040    d ...,..d ..@0..
000026c0: e3a02000 13a03040 e5843000 e3a03001    . ..@0...0...0..
000026d0: e5842008 e584300c e5842010 e594300c    . ...0... ...0..
000026e0: e3c33001 e584300c e5943000 e3833003    .0...0...0...0..
000026f0: e5843000 e3a03003 e5843018 e7e13259    .0...0...0..Y2..
00002700: ea000001 e2433001 e5842018 e3530000    .....0C.. ....S.
00002710: 1afffffb e5843018 e5843018 e5942014    .....0...0... ..
00002720: e3073fc0 e0023003 e3530000 1afffffa    .?...0....S.....
00002730: e5943014 e3130402 0afffffc ea000000    .0..............
00002740: e594301c e5943014 e7e837d3 e3530000    .0...0...7....S.
00002750: 1afffffa e3a030aa e5843018 e5843018    .....0...0...0..
00002760: e5843018 e5843018 e5943014 e7e837d3    .0...0...0...7..
00002770: e3530000 0afffffb e3e03801 e3a010aa    ..S......8......
00002780: e3e02cfe e5940014 e7e807d0 e3500000    .,............P.
00002790: 0afffffb e5841018 e594001c e5e30001    ................
000027a0: e1530002 1afffff6 e2199901 0a000003    ..S.............
000027b0: e59f0374 e3a02c02 e1a01000 ebfff6f2    t....,..........
000027c0: e3e03a0f e59f2364 e5131e03 e1510002    .:..d#........Q.
000027d0: 13a07000 1a000024 e5132fbb e3a010aa    .p..$..../......
000027e0: e3e03cfe e3520a0f 23a02a0f e2427cfe    .<....R..*.#.|B.
000027f0: e2477001 ea000006 e5940014 e7e807d0    .pG.............
00002800: e3500000 0afffffb e5841018 e594001c    ..P.............
00002810: e5e30001 e1530007 1afffff6 e3590000    ......S.......Y.
00002820: 0a000002 e59f0308 e1a01000 ebfff6d6    ................
00002830: e3e09cfe e3a00000 ea000001 e5f91001    ................
00002840: ebfff73b e1590007 1afffffb e3500000    ;.....Y.......P.
00002850: 01a07000 0a000004 e3e03a0f e5137fa7    .p.......:......
00002860: e0673000 e2737000 e0a77003 e5942014    .0g..ps..p... ..
00002870: e3073fc0 e0023003 e3530000 1afffffa    .?...0....S.....
00002880: e5943014 e3130402 0afffffc ea000000    .0..............
00002890: e594301c e5943014 e7e837d3 e3530000    .0...0...7....S.
000028a0: 1afffffa e5943000 e3550000 e3c33003    .....0....U..0..
000028b0: e5843000 e594300c e3833001 e584300c    .0...0...0...0..
000028c0: e59f3260 1a00002f e5932000 e3a03a02    `2../.... ...:..
000028d0: e7921003 e3811101 e7821003 e0823003    .............0..
000028e0: e5931004 e3c11101 e5831004 e5931024    ............$...
000028f0: e3c1133f e5831024 e2821d81 e5910000    ?...$...........
00002900: e2822a03 e380020e e5810000 e5931044    .*..........D...
00002910: e381120e e5831044 e5931050 e3c1120e    ....D...P.......
00002920: e5831050 e5931054 e381120e e5831054    P...T.......T...
00002930: e5931048 e3c1120e e5831048 e593104c    H.......H...L...
00002940: e381120e e583104c e5931058 e3c1120e    ....L...X.......
00002950: e5831058 e593105c e381120e e583105c    X...\.......\...
00002960: e5931060 e3c1120e e5831060 e5931064    `.......`...d...
00002970: e381120e e5831064 e5923020 e3c33003    ....d... 0...0..
00002980: e5823020 ea000059 e3550001 1a00002c     0..Y.....U.,...
00002990: e5933000 e3a02901 e7931002 e3811902    .0...)..........
000029a0: e7831002 e0833002 e5932004 e3c22902    .....0... ...)..
000029b0: e5832004 e5932020 e3c2220f e5832020    . ..  ..."..  ..
000029c0: e5932024 e3c220f0 e5832024 e5932040    $ ... ..$ ..@ ..
000029d0: e3822923 e5832040 e5932044 e3822923    #)..@ ..D ..#)..
000029e0: e5832044 e5932050 e3c22923 e5832050    D ..P ..#)..P ..
000029f0: e5932054 e3822923 e5832054 e5932048    T ..#)..T ..H ..
00002a00: e3c22923 e5832048 e593204c e3822923    #)..H ..L ..#)..
00002a10: e583204c e5932058 e3c22923 e5832058    L ..X ..#)..X ..
00002a20: e593205c e3822923 e583205c e5932060    \ ..#)..\ ..` ..
00002a30: e3c22923 e5832060 e5932064 e3822923    #)..` ..d ..#)..
00002a40: ea000029 e5932000 e3a03a02 e7921003    ).... ...:......
00002a50: e3811b01 e7821003 e0823003 e5931004    .........0......
00002a60: e2822d81 e3c11b01 e5831004 e5931020    .-.......... ...
00002a70: e3c117ff e5831020 e5921000 e3811c16    .... ...........
00002a80: e5821000 e5932044 e3822c16 e5832044    ....D ...,..D ..
00002a90: e5932050 e3c22c16 e5832050 e5932054    P ...,..P ..T ..
00002aa0: e3822c16 e5832054 e5932048 e3c22c16    .,..T ..H ...,..
00002ab0: e5832048 e593204c e3822c16 e583204c    H ..L ...,..L ..
00002ac0: e5932058 e3c22c16 e5832058 e593205c    X ...,..X ..\ ..
00002ad0: e3822c16 e583205c e5932060 e3c22c16    .,..\ ..` ...,..
00002ae0: e5832060 e5932064 e3822c16 e5832064    ` ..d ...,..d ..
00002af0: e59f402c e3a03000 e5863000 e3a01001    ,@...0...0......
00002b00: e084a10a e0848108 e59a0018 ebfff67d    ............}...
00002b10: e5980018 e3a01001 ebfff67a e1a00007    ........z.......
00002b20: e8bd8ff8 000043ac 00004304 ffff0000    .....C...C......
00002b30: 4849534e ffff0200 e5903010 e92d4010    NSIH.....0...@-.
00002b40: e5902008 e2434001 e1a04b04 e202c07f    . ...@C..K......
00002b50: e1a04b24 e184490c e590c004 e3844305    $K...I.......C..
00002b60: e00c029c e59f2080 e1a0c1ac e24cc001    ..... ........L.
00002b70: e6efc07c e184c50c e582c08c e1a0c2a3    |...............
00002b80: e3a02000 e3a0330b ea000011 e5934000    . ...3.......@..
00002b90: e2822001 e5814000 e5934000 e5814004    . ...@...@...@..
00002ba0: e5934000 e5814008 e5934000 e581400c    .@...@...@...@..
00002bb0: e5934000 e5814010 e5934000 e5814014    .@...@...@...@..
00002bc0: e5934000 e5814018 e5934000 e581401c    .@...@...@...@..
00002bd0: e2811020 e152000c 1affffeb e5903024     .....R.....$0..
00002be0: e2433001 e5803024 e8bd8010 c0051000    .0C.$0..........
00002bf0: e92d4013 e59f10e0 e590301c e591c088    .@-......0......
00002c00: e5902018 e58dc004 e59dc004 e3ccc020    . .......... ...
00002c10: e58dc004 e59d4004 e59dc004 e3844902    .....@.......I..
00002c20: e20cc040 e184c0ac e2124002 e58dc004    @........@......
00002c30: e59dc004 e3ccc040 e58dc004 e59dc004    ....@...........
00002c40: e581c088 e3a0130b e3a0c000 e5c1c010    ................
00002c50: e5c1c018 15c1c018 e6efc073 e3120001    ........s.......
00002c60: e5c1c018 13a0230b e7e7c453 17e73853    .....#..S...S8..
00002c70: e5c1c018 15c23018 e3540000 13a02030    .....0....T.0 ..
00002c80: 13a0330b 15c32010 e3a03702 e59f2048    .3... ...7..H ..
00002c90: e58d3004 e5923088 e3130902 1a000004    .0...0..........
00002ca0: e59d3004 e3530000 e2431001 e58d1004    .0....S...C.....
00002cb0: 1afffff7 e59d3004 e3730001 15903014    .....0....s..0..
00002cc0: 03a00000 15803024 1590301c 12833001    ....$0...0...0..
00002cd0: 1580301c 13a00001 e8bd801c c0051000    .0..............
00002ce0: e59f3248 e92d40f0 e24dd0fc e1a05001    H2...@-...M..P..
00002cf0: e1a04000 e5932088 e58d2004 e59d2004    .@... ... ... ..
00002d00: e3c22020 e58d2004 e59d1004 e59d2004      ... ....... ..
00002d10: e3811b02 e2022040 e18120a2 e58d2004    ....@ ... ... ..
00002d20: e59d2004 e3c22040 e58d2004 e59d2004    . ..@ ... ... ..
00002d30: e5832088 e59322f0 e3c22003 e3822002    . ..."... ... ..
00002d40: e58322f0 e5903024 e3530000 1a000000    ."..$0....S.....
00002d50: ebffffa6 e5943010 e5941020 e594000c    .....0.. .......
00002d60: e59f21cc e2611008 e0010193 e280001f    .!....a.........
00002d70: e2843028 e1a002a0 e08311a1 e3a03000    (0...........0..
00002d80: ea000002 e491c004 e2833001 e482c004    .........0......
00002d90: e1530000 1afffffa e5943020 e1a00004    ..S..... 0......
00002da0: e1a01005 e2433001 e5843020 ebffff61    .....0C. 0..a...
00002db0: e59f2178 e3a03702 e58d3004 e5923094    x!...7...0...0..
00002dc0: e3130002 1a000004 e59d3004 e3530000    .........0....S.
00002dd0: e2431001 e58d1004 1afffff7 e59d3004    ..C..........0..
00002de0: e3730001 0a00004e e59f3140 e59322f0    ..s.N...@1..."..
00002df0: e3c22003 e58322f0 e5932094 e3120008    . ..."... ......
00002e00: 0a000045 e5941010 e5942008 e2411001    E........ ....A.
00002e10: e1a01b01 e202007f e1a01b21 e1811900    ........!.......
00002e20: e5940004 e3811303 e0020290 e1a021a2    .............!..
00002e30: e2422001 e6ef2072 e1812502 e583208c    . B.r ...%... ..
00002e40: e3a02702 e58d2004 e5932094 e3120004    .'... ... ......
00002e50: 0a000004 e59d2004 e3520000 e2421001    ..... ....R...B.
00002e60: e58d1004 1afffff7 e59d3004 e3730001    .........0....s.
00002e70: 0a00002b e59f30b4 e5932094 e5931094    +....0... ......
00002e80: e5933094 e2022e7f e7e61251 e1a0c222    .0......Q..."...
00002e90: e7e53853 e1510003 1a000021 e1a062a2    S8....Q.!....b..
00002ea0: e59f1090 e3a02000 e28d3008 ea000009    ..... ...0......
00002eb0: e4910004 e2822001 e1a07900 e7ed0750    ..... ...y..P...
00002ec0: e2200007 e1a07927 e5830004 e2277007    .. .'y.......p'.
00002ed0: e5837000 e2833008 e1520006 1afffff3    .p...0....R.....
00002ee0: e28d1004 e3a03000 e3a06001 ea000008    .....0...`......
00002ef0: e5b12004 e2833001 e5940000 e1500002    . ...0........P.
00002f00: 81a002a2 8202201f 87957100 80272216    ..... ...q..."'.
00002f10: 87852100 e153000c bafffff4 e3a00001    .!....S.........
00002f20: ea000000 e3a00000 e28dd0fc e8bd80f0    ................
00002f30: c0051000 c005111c c0051278 e59f33c4    ........x....3..
00002f40: e3a02077 e3001f0f e92d47f0 e3100008    w .......G-.....
00002f50: e24dde43 e1a05000 e5832098 e583209c    C.M..P... ... ..
00002f60: e58310a0 e58320a8 e58320ac e59f2398    ..... ... ...#..
00002f70: e5922000 e2822a01 e5921020 e3c115cf    . ...*.. .......
00002f80: 0a000009 e3811545 e5821020 e5921024    ....E... ...$...
00002f90: e3c11033 e3811011 e5821024 e5932088    3.......$.... ..
00002fa0: e3c22063 e3822001 ea000005 e5821020    c ... ...... ...
00002fb0: e5921024 e3c11033 e5821024 e5932088    $...3...$.... ..
00002fc0: e3c22063 e5832088 e3150b01 e59f3338    c ... ......83..
00002fd0: e5933000 e2833a01 e5932020 e3c22333    .0...:..  ..3#..
00002fe0: e5832020 e5932024 e3c22cff e3c220cc      ..$ ...,... ..
00002ff0: e5832024 e59f330c e5933088 e58d3004    $ ...3...0...0..
00003000: e59d3004 e3c3330e e3c33020 e58d3004    .0...3.. 0...0..
00003010: e59d2004 e59d3004 e2033040 e18230a3    . ...0..@0...0..
00003020: e7e125d5 e58d3004 e59d3004 e3c33040    .%...0...0..@0..
00003030: e58d3004 e7e036d5 13833002 e3120002    .0...6...0......
00003040: 0a00000e e3a01b01 e2833001 e58d1018    .........0......
00003050: e3a01a02 e58d1008 e3a0100e e58d100c    ................
00003060: e3a0103c e58d1010 e3a01001 e1a03311    <............3..
00003070: e58d301c e59d3004 e383332e ea00000b    .0...0...3......
00003080: e3a03c02 e58d3018 e3a03a01 e58d3008    .<...0...:...0..
00003090: e3a0300d e58d300c e3a03018 e58d3010    .0...0...0...0..
000030a0: e3a03001 e58d301c e59d3004 e383332a    .0...0...0..*3..
000030b0: e3833c01 e59d100c e58d3004 e59d3010    .<.......0...0..
000030c0: e58d2020 e59d2004 e0030391 e58d3014      ... .......0..
000030d0: e3a03000 e58d3024 e58d302c e58d3028    .0..$0..,0..(0..
000030e0: e59f3220 e5832088 e3a02702 e58d2004     2... ...'... ..
000030f0: e5932088 e3120c02 1a000004 e59d2004    . ........... ..
00003100: e3520000 e2421001 e58d1004 1afffff7    ..R...B.........
00003110: e59d3004 e3730001 0a000065 e59f31e4    .0....s.e....1..
00003120: e5932088 e58d2004 e59d2004 e3c22020    . ... ... ..  ..
00003130: e58d2004 e59d1004 e59d2004 e3811902    . ....... ......
00003140: e2022040 e18120a2 e3e01000 e58d2004    @ ... ....... ..
00003150: e59d2004 e3c22040 e58d2004 e59d2004    . ..@ ... ... ..
00003160: e5832088 e3a0230b e5c21010 e3a02702    . ...#.......'..
00003170: e58d2004 e5932088 e3120902 1a000004    . ... ..........
00003180: e59d2004 e3520000 e2421001 e58d1004    . ....R...B.....
00003190: 1afffff7 e59d3004 e3730001 1a000054    .....0....s.T...
000031a0: ea000043 e28d0008 e28d1030 ebfffe61    C.......0...a...
000031b0: e3a03007 e28d0008 e59f1150 e58d3028    .0......P...(0..
000031c0: ebfffec6 e2504000 0a00003a e2155901    .....@P.:....Y..
000031d0: 0a000003 e59f0134 e59d2018 e1a01000    ....4.... ......
000031e0: ebfff469 e3e03a0f e59f2124 e5131e03    i....:..$!......
000031f0: e1510002 1a00002e e59d1018 e3a09007    ..Q.............
00003200: e5136fbb e2410001 e3560a0f 23a06a0f    .o....A...V..j.#
00003210: e3510c02 82466c02 e0800006 ebfff4ce    ..Q..lF.........
00003220: e59da018 e1a08000 e24aa801 e1a0700a    ..........J..p..
00003230: ea000015 e59d3028 e3530000 1a00000a    ....(0....S.....
00003240: e59d302c e3530000 1a000003 e28d0008    ,0....S.........
00003250: ebfffe66 e2504000 0a00000e e28d0008    f....@P.........
00003260: e28d1030 ebfffe33 e58d9028 e28d0008    0...3...(.......
00003270: e1a01007 ebfffe99 e2504000 e2488001    .........@P...H.
00003280: 0a000004 e59d3018 e0877003 e3580000    .....0...p....X.
00003290: 1affffe7 e3a04001 e3550000 0a000005    .....@....U.....
000032a0: e1a0000a e1a0100a e1a02006 ebfff436    ......... ..6...
000032b0: ea000000 e3a04000 e59f3048 e1a00004    .....@..H0......
000032c0: e5932088 e3c21102 e2022040 e3c11e12    . ......@ ......
000032d0: e3811902 e18120a2 e3c22040 e5832088    ..... ..@ ... ..
000032e0: e5932088 e3c22063 e5832088 e28dde43    . ..c ... ..C...
000032f0: e8bd87f0 e28d0008 ebfffe3c e2504000    ........<....@P.
00003300: 0affffec eaffffa6 c0051000 00004304    .............C..
00003310: ffff0000 4849534e e92d4ff0 e3a05000    ....NSIH.O-..P..
00003320: e24ddf83 e1a0a000 e1a09001 e1a0b002    ..M.............
00003330: e590800c e1a06005 e1a07005 e1a04005    .....`...p...@..
00003340: ea000049 e1a0000a e28d1008 e3a02c02    I............,..
00003350: e28d3004 eb00032c e3500000 1a000045    .0..,.....P.E...
00003360: e59d2004 e31b0901 e0628008 0a000002    . ........b.....
00003370: e28d0008 e1a01000 ebfff403 e59d0004    ................
00003380: e3a02000 ea000036 e3570000 e28d3008    . ..6.....W..0..
00003390: e7d23003 e2822001 1a00002e e2431030    .0... ......0.C.
000033a0: e6ef1071 e3510009 90835205 92844004    q.....Q..R...@..
000033b0: 92455030 9a00002a e2431061 e6ef1071    0PE.*...a.C.q...
000033c0: e3510005 90835205 92455057 9a000005    ..Q..R..WPE.....
000033d0: e2431041 e6ef1071 e3510005 8a000003    A.C.q.....Q.....
000033e0: e0835205 e2455037 e2844004 ea000019    .R..7PE..@......
000033f0: e3540008 13540010 1a000006 e2841007    ..T...T.........
00003400: e3540000 b1a04001 e089c006 e1a041c4    ..T..@.......A..
00003410: e3a01000 ea000005 e3540020 1a00000a    ........ .T.....
00003420: eafffff5 e7cc5001 e1a05425 e2811001    .....P..%T......
00003430: e1510004 bafffffa e3540000 a0866004    ..Q.......T..`..
00003440: e3a07001 e3a04000 ea000002 e3540000    .p...@........T.
00003450: 1a00000a e3a07001 e353000a 03a05000    .....p....S..P..
00003460: 01a07005 e1520000 1affffc6 e3580000    .p....R.......X.
00003470: 1affffb3 ea000002 e3a06000 ea000000    .........`......
00003480: e1a06007 e1a00006 e28ddf83 e8bd8ff0    .`..............
00003490: e59f310c e92d40f0 e24ddf9b e3a04000    .1...@-...M..@..
000034a0: e28d2f9a e1a06001 e28d1040 e58d3000    ./...`..@....0..
000034b0: e59f30f0 e58d0064 e1a0000d e5cd4040    .0..d.......@@..
000034c0: e18240b3 e1a02004 eb00013b e2505000    .@... ..;....PP.
000034d0: 1a000030 e28d0008 e59f10cc e3a02001    0............ ..
000034e0: e28d3040 eb0001c2 e2504000 11a04005    @0.......@P..@..
000034f0: 1a000028 e28d0008 e59f10b0 e1a02006    (............ ..
00003500: ebffff84 e2505000 01a04005 0a00001f    .....PP..@......
00003510: e3e03a0f e5132e03 e59f3094 e1520003    .:.......0....R.
00003520: 1a00001a e28d0024 e59f1088 e3a02001    ....$........ ..
00003530: e28d3040 eb0001ae e2507000 1a000013    @0.......pP.....
00003540: e59d5030 e28d0024 e59f106c e28d3004    0P..$...l....0..
00003550: e3550a0f 23a05a0f e1a02005 eb0002aa    ..U..Z.#. ......
00003560: e3500000 11a04007 1a000006 e3160901    ..P..@..........
00003570: 0a000003 e2400cfe e1a02005 e1a01000    ......@.. ......
00003580: ebfff381 e3a04001 e28d0024 eb00032e    .....@..$.......
00003590: e28d0008 eb00032c e1a00004 e28ddf9b    ....,...........
000035a0: e8bd80f0 000043dc fffffde0 000043df    .....C.......C..
000035b0: ffff0000 4849534e 000043ea ffff0200    ....NSIH.C......
000035c0: e92d4030 e7e031d0 e24dd01c e3100702    0@-..1....M.....
000035d0: e1a04000 e58d300c 12833002 158d300c    .@...0...0...0..
000035e0: e59d300c e3530002 83a03002 93a03000    .0....S..0...0..
000035f0: 858d300c 83a03001 e59d000c e58d3010    .0...0.......0..
00003600: ebfff6b5 e28d0004 ebfff50b e59d200c    ............. ..
00003610: e1a01004 e59f3084 e28d0004 e7935102    .....0.......Q..
00003620: ebfff551 e3500001 13a04000 1a000012    Q.....P..@......
00003630: e5953048 e3130004 1a00000b e3a03601    H0...........6..
00003640: e58d3000 e3a03002 e5853000 e5953000    .0...0...0...0..
00003650: e3130002 0a000004 e59d3000 e3530000    .........0....S.
00003660: e2432001 e58d2000 1afffff7 e1a01004    . C.. ..........
00003670: e28d0004 ebffff85 e1a04000 e28d0004    .........@......
00003680: ebfff63b e28d0004 ebfff523 e59d000c    ;.......#.......
00003690: ebfff732 e1a00004 e28dd01c e8bd8030    2...........0...
000036a0: 00004308 e5903020 e92d4037 e1a05000    .C.. 0..7@-..P..
000036b0: e1a04001 e1530001 03a00000 0a00000c    .@....S.........
000036c0: e3510000 01a00001 0a000009 e5953024    ..Q.........$0..
000036d0: e2851028 e5d50001 e1a02004 e58d3000    (........ ...0..
000036e0: e3a03001 eb0002f6 e3500000 13a00001    .0........P.....
000036f0: 05854020 e8bd803e e92d41f0 e1a04000     @..>....A-..@..
00003700: e5d03000 e1a05001 e5906014 e3530002    .0...P...`....S.
00003710: 0a00001d e3530003 0a000025 e3530001    ......S.%.....S.
00003720: 1a000033 e6ff7071 e0877087 e7ef70d7    3...qp...p...p..
00003730: e08614a7 ebffffda e3500000 1a00002c    ..........P.,...
00003740: e1a03b87 e2877001 e6ff7077 e1a00004    .;...p..wp......
00003750: e0843ba3 e08614a7 e5d38028 ebffffd0    .;......(.......
00003760: e3500000 1a000022 e1a07b87 e3150001    ..P."....{......
00003770: e0844ba7 e5d40028 e1880400 01a00a00    .K..(...........
00003780: 11a00220 01a00a20 e8bd81f0 e0861421     ... .......!...
00003790: ebffffc3 e3500000 1a000015 e1a05c05    ......P......\..
000037a0: e0844ba5 e5d40029 e5d43028 e1830400    .K..)...(0......
000037b0: e8bd81f0 e08613a1 ebffffb9 e3500000    ..............P.
000037c0: 1a00000d e1a05c85 e0844ba5 e5d4002a    .....\...K..*...
000037d0: e5d4302b e5d48029 e1a00800 e1800c03    +0..)...........
000037e0: e5d43028 e1800003 e1800408 e3c0020f    (0..............
000037f0: e8bd81f0 e3e00000 e8bd81f0 e3e00000    ................
00003800: e8bd81f0 e92d4013 e1a04000 e5943024    .....@-..@..$0..
00003810: e1a02001 e2841028 e5d00001 e58d3000    . ..(........0..
00003820: e3a03001 eb0002a6 e3500000 13a00003    .0........P.....
00003830: 1a000023 e5d43226 e5d42227 e1832402    #...&2..'"...$..
00003840: e59f3080 e6bf2072 e1520003 0284205e    .0..r ....R.^ ..
00003850: 059f3074 1a000017 ea000001 e3500003    t0............P.
00003860: 0a000016 e7d2c000 e2800001 e4d31001    ................
00003870: e15c0001 0afffff8 e284107a e59f204c    ..\.....z...L ..
00003880: e3a03000 ea000001 e3530005 0a000006    .0........S.....
00003890: e7d1c003 e2833001 e4d20001 e15c0000    .....0........\.
000038a0: 0afffff8 e3a00001 ea000005 e5d40050    ............P...
000038b0: e1a003a0 ea000002 e3a00002 ea000000    ................
000038c0: e3a00000 e8bd801c ffffaa55 000043f5    ........U....C..
000038d0: 000043f9 e5901008 e3a02000 e92d4010    .C....... ...@-.
000038e0: e1a04000 e1c020b2 e3510001 0a00002e    .@... ....Q.....
000038f0: e5903004 e593c010 e151000c 2a00002a    .0........Q.*..*
00003900: e1510002 1a000005 e1d320ba e3520000    ..Q...... ....R.
00003910: 15932018 15802010 0a000023 ea00001c    . ... ..#.......
00003920: e5d30002 e3500000 1a000010 e3510001    ......P.......Q.
00003930: e5940004 9a00001c e5903010 e1510003    .........0....Q.
00003940: 2a000019 ebffff6b e3700001 e1a01000    ...*k.....p.....
00003950: 0a000013 e3500001 9a000013 e5943004    ......P......0..
00003960: e5933010 e1500003 3affffef ea000010    .0....P....:....
00003970: e2410002 e24cc002 e150000c e584100c    ..A...L...P.....
00003980: 3593201c 21a01002 35d31002 30212190    . .5...!...5.!!0
00003990: e5841010 e2833028 e3a00000 e5843014    ....(0.......0..
000039a0: e8bd8010 e3a00001 e8bd8010 e3a00002    ................
000039b0: e8bd8010 e3a00002 e8bd8010 e5903000    .............0..
000039c0: e92d4070 e1a04001 e5d32000 e2422030    p@-..@... ..0 B.
000039d0: e6ef2072 e3520009 8a000007 e5d31001    r ....R.........
000039e0: e351003a 1a000004 e2833002 e3520000    :.Q......0....R.
000039f0: e5803000 13a0000b 18bd8070 e3540000    .0......p.....T.
00003a00: 03a0000c 08bd8070 e5d43000 e3530000    ....p....0....S.
00003a10: 0a000001 e5d40001 eb000226 e3a00000    ........&.......
00003a20: e5c40000 e5c40001 eb00021f e2105001    .............P..
00003a30: 13a00003 18bd8070 e1a00004 e1a01005    ....p...........
00003a40: ebffff6f e3500001 8a00000d e5d451ea    o.....P......Q..
00003a50: e3550000 0a00000d e5d451f0 e1a00004    ..U......Q......
00003a60: e5d431f1 e1a05805 e1855c03 e5d431ee    .1...X...\...1..
00003a70: e1855003 e5d431ef e1855403 e1a01005    .P...1...T......
00003a80: ebffff5f e3500003 03a00001 08bd8070    _.....P.....p...
00003a90: e3500000 13a0000d 18bd8070 e5d42034    ..P.....p...4 ..
00003aa0: e5d43033 e1833402 e3530c02 1a000042    30...4....S.B...
00003ab0: e5d4603f e5d4303e e1936406 1a000007    ?`..>0...d......
00003ac0: e5d4604e e5d4304f e1a06806 e1866c03    N`..O0...h...l..
00003ad0: e5d4304c e1866003 e5d4304d e1866403    L0...`..M0...d..
00003ae0: e5d43038 e584600c e5d42037 e5c43003    80...`..7 ...0..
00003af0: e0060693 e5d43036 e5d4003a e5d4c03c    ....60..:...<...
00003b00: e5d41035 e1832402 e5d43039 e0855002    5....$..90...P..
00003b10: e5c41002 e5845014 e1833400 e5d4003b    .....P...4..;...
00003b20: e1c430ba e190040c 1a000007 e5d4004a    .0..........J...
00003b30: e5d4c04b e1a00800 e1800c0c e5d4c048    K...........H...
00003b40: e180000c e5d4c049 e180040c e0620000    ....I.........b.
00003b50: e2811002 e0660000 e0400223 ebfff27e    ......f.#.@.~...
00003b60: e3003ff6 e5840010 e1500003 93a03001    .?........P..0..
00003b70: 9a000003 e2833a0f e1500003 93a03002    .....:....P..0..
00003b80: 8a00000f e5942014 e0862002 e5842018    ..... ... ... ..
00003b90: e1d410ba e3a00000 e5942014 e5c43000    ......... ...0..
00003ba0: e59f3048 e5840020 e0822221 e1c430b8    H0.. ...!"...0..
00003bb0: e0826006 e584601c e8bd8070 e3a0000d    .`...`..p.......
00003bc0: e8bd8070 e5d43056 e5d42057 e1a03803    p...V0..W ...8..
00003bd0: e1833c02 e5d42054 e1833002 e5d42055    .<..T ...0..U ..
00003be0: e1833402 e5843018 e3a03003 eaffffe7    .4...0...0......
00003bf0: ffffdead e92d47f0 e1a06002 e24dd028    .....G-..`..(.M.
00003c00: e3a02000 e1a05001 e1a04000 e5802000    . ...P...@... ..
00003c10: e08d2002 e58d2024 e5d12000 e58d3010    . ..$ ... ...0..
00003c20: e352002f 1352005c e5d32000 02815001    /.R.\.R.. ...P..
00003c30: e3520003 05933018 13a03000 e58d3014    ..R..0...0...0..
00003c40: e5d53000 e353001f 83a0a020 8a000006    .0....S. .......
00003c50: e28d000c ebffff1e e3500000 e3a03000    ..........P..0..
00003c60: e58d3020 0a0000be ea0000e0 e59d0024     0..........$...
00003c70: e3a03000 e7c0a003 e2833001 e353000b    .0.......0....S.
00003c80: 1afffffb e3a01000 e3a0c008 e1a08001    ................
00003c90: e1a02001 e7d53008 e2888001 e353002f    . ...0....../.S.
00003ca0: 1353001f 83a07000 93a07001 9a000023    ..S..p...p..#...
00003cb0: e353005c 0a000025 e353002e 1151000c    \.S.%.....S...Q.
00003cc0: ba000007 e35c0008 0353002e 1a0000c9    ......\...S.....
00003cd0: e1a02102 e3a01008 e3a0c00b e6ef2072    .!..........r ..
00003ce0: eaffffeb e59f731c e3130080 13822003    .....s....... ..
00003cf0: e4d79001 e3590000 0a000002 e1590003    ......Y.......Y.
00003d00: 1afffffa ea0000bb e2437041 e6ef7077    ........ApC.wp..
00003d10: e3570019 93822002 9a000005 e2437061    ..W.. ......apC.
00003d20: e6ef7077 e3570019 92433020 93822001    wp....W. 0C.. ..
00003d30: 96ef3073 e7c03001 e2811001 eaffffd4    s0...0..........
00003d40: e353001f 93a03004 83a03000 ea000000    ..S..0...0......
00003d50: e1a03007 e3510000 0a0000a6 e5d01000    .0....Q.........
00003d60: e35100e5 03a01005 05c01000 e35c0008    ..Q...........\.
00003d70: 01a02102 06ef2072 e2021003 e202200c    .!..r ....... ..
00003d80: e3510001 03833010 e3520004 03833008    ..Q..0....R..0..
00003d90: e5c0300b e28d000c ebfffecd e3500000    .0............P.
00003da0: 1a000055 e59d0010 e59d101c ebfffe3c    U...........<...
00003db0: e3500000 1a000050 e59d2020 e5d23000    ..P.P...  ...0..
00003dc0: e3530000 0a00004b e353002e 135300e5    ..S.K.....S...S.
00003dd0: e5d2100b 0a00000b e3110008 059d1024    ............$...
00003de0: 01a03000 0a000002 ea000006 e353000b    .0............S.
00003df0: 0a000041 e7d27003 e7d1c003 e2833001    A....p.......0..
00003e00: e157000c 0afffff8 e1dd70be e2877001    ..W......p...p..
00003e10: e6ff7077 e3570000 0a000036 e59d301c    wp....W.6....0..
00003e20: e3530000 0a000033 e317000f 1a000025    ..S.3.......%...
00003e30: e2833001 e59d0010 e58d301c e59d3014    .0.......0...0..
00003e40: e3530000 1a000003 e1d030ba e1530007    ..S......0....S.
00003e50: 3a000028 ea00001b e5d03002 e2433001    (..:.....0...0C.
00003e60: e0133227 1a000017 e59d1018 e3510001    '2............Q.
00003e70: 9a00001c e5903010 e1510003 2a000019    .....0....Q....*
00003e80: ebfffe1c e3500001 9a000016 e3700001    ......P.......p.
00003e90: 0a000016 e59d3010 e5932010 e1500002    .....0... ....P.
00003ea0: 2a000014 e2401002 e2422002 e1510002    ...*..@.. B...Q.
00003eb0: e58d0018 35d30002 23a00000 3593301c    .......5...#.0.5
00003ec0: 30203190 e58d001c e1cd70be e207700f    .1 0.....p...p..
00003ed0: e1a07287 e59d3010 e2877028 e0837007    .r...0..(p...p..
00003ee0: e58d7020 eaffffae e3a00002 ea000002     p..............
00003ef0: e3a00001 ea000000 e3a00004 e59d3024    ............$0..
00003f00: e3500000 e5d3300b e2033004 e6ef3073    ..P..0...0..s0..
00003f10: 0a000003 e3530000 03500004 03a00005    ......S...P.....
00003f20: ea000032 e3530000 1a00000d e59d3020    2.....S..... 0..
00003f30: e5d3200b e3120010 0a000030 e5d31015    . ......0.......
00003f40: e0855008 e5d32014 e1822401 e5d3101b    .P... ...$......
00003f50: e5d3301a e1833401 e1833802 e58d3014    .0...4...8...0..
00003f60: eaffff41 e59d3020 e3530000 0a00001e    A... 0....S.....
00003f70: e5d3000b e2100010 1a00001b e2066001    .............`..
00003f80: e5c46006 e5d32014 e5d31015 e5d3c01b    .`... ..........
00003f90: e1821401 e5d3201a e182240c e1822801    ..... ...$...(..
00003fa0: e5842010 e5d3201e e5d3101f e1a02802    . ... .......(..
00003fb0: e1822c01 e5d3101c e5d3301d e5840008    .,.......0......
00003fc0: e1822001 e5840018 e1823403 e584300c    . .......4...0..
00003fd0: e3e03000 e5c43007 e59d3010 e5843000    .0...0...0...0..
00003fe0: e1d330b8 e1c430b4 ea000000 e3a00004    .0...0..........
00003ff0: e28dd028 e8bd87f0 e3a00006 eafffffb    (...............
00004000: e3a00005 eafffff9 000043ff e92d45f7    .........C...E-.
00004010: e1a08003 e3a03000 e1a06002 e1a04000    .....0...`...@..
00004020: e1a07001 e5883000 e5903000 e1d020b4    .p...0...0... ..
00004030: e3530000 0a00000b e5d31000 e3510000    ..S...........Q.
00004040: 0a000008 e1d310b8 e1510002 1a000005    ..........Q.....
00004050: e5d30001 eb000097 e210a001 13a00003    ................
00004060: 1a000074 ea000074 e3a00009 ea000071    t...t.......q...
00004070: e3130001 03a00007 0a00006e e594500c    ........n....P..
00004080: e5943008 e0635005 e1560005 31a05006    .0...Pc...V..P.1
00004090: ea000063 e5943008 e1b02b83 1a00003b    c....0...+..;...
000040a0: e5940000 e5d41007 e5d02002 e1510002    ......... ....Q.
000040b0: 3a00000f e3530000 05940010 0a000006    ...:..S.........
000040c0: e5941014 e3510001 9a000014 e5903010    ......Q......0..
000040d0: e1510003 2a000011 ebfffd86 e3500001    ..Q....*......P.
000040e0: 9a00000e e3700001 0a00002e e5840014    ......p.........
000040f0: e5c4a007 e5943000 e5942014 e5931010    .....0... ......
00004100: e2422002 e2411002 e1520001 2a000003    . B...A...R....*
00004110: e5d31002 e593001c e0320291 1a000004    ..........2.....
00004120: e5d43006 e1e03c83 e1e03ca3 e5c43006    .0...<...<...0..
00004130: ea00003f e5d40007 e1b064a5 e0822000    ?........d... ..
00004140: 02800001 05842018 05c40007 0a00000f    ..... ..........
00004150: e086c000 e15c0001 80606001 e5d30001    ......\..``.....
00004160: e5933024 e1a01007 e58d3000 e6ef3076    $0.......0..v0..
00004170: eb000053 e3500000 1a00000a e5d43007    S.....P......0..
00004180: e0863003 e1a06486 e5c43007 ea00001c    .0...d...0......
00004190: e5940000 e5941018 e5946008 ebfffd40    .........`..@...
000041a0: e3500000 0a000005 e5d43006 e3a00001    ..P......0......
000041b0: e1e03c83 e1e03ca3 e5c43006 ea00001d    .<...<...0......
000041c0: e5943008 e1a06b86 e5942000 e1a06ba6    .0...k... ...k..
000041d0: e1a03b83 e2666c02 e1550006 31a06005    .;...lf...U..`.1
000041e0: e1a03ba3 e2833028 e0823003 ea000002    .;..(0...0......
000041f0: e7d32000 e7c72000 e2800001 e1500006    . ... ........P.
00004200: 1afffffa e5943008 e0877006 e0665005    .....0...p...Pf.
00004210: e0833006 e5843008 e5983000 e0833006    .0...0...0...0..
00004220: e5883000 e3550000 1affff99 e1a00005    .0....U.........
00004230: ea000000 e3a00002 e8bd85fe e5d43006    .............0..
00004240: e3130080 0affff89 eafffff9 e5903000    .............0..
00004250: e92d4010 e1a04000 e1d020b4 e3530000    .@-..@... ....S.
00004260: 0a00000b e5d31000 e3510000 0a000008    ..........Q.....
00004270: e1d310b8 e1510002 1a000007 e5d30001    ......Q.........
00004280: eb00000c e2100001 13a00003 18bd8010    ................
00004290: ea000003 e3a00009 e8bd8010 e3a00009    ................
000042a0: e8bd8010 e5840000 e8bd8010 e2900000    ................
000042b0: 13a00001 e12fff1e e2900000 13a00001    ....../.........
000042c0: e12fff1e e3500000 e92d4008 e1a0c001    ../...P..@-.....
000042d0: 1a000008 e1a01002 e59d0008 e1a02003    ............. ..
000042e0: e1a0300c ebfff328 e3500000 03a00004    .0..(.....P.....
000042f0: 13a00000 e8bd8008 e3a00004 e8bd8008    ................
00004300: c0010800 c001a000 c0062000 c0068000    ......... ......
00004310: c0069000 c00c5000 c00cc000 c00cd000    .....P..........
00004320: 00000027 00000028 00000029 02000112    '...(...).......
00004330: 40ffffff 54302375 00000000 00000100    ...@u#0T........
00004340: 01100112 08ffffff 54302375 00000000    ........u#0T....
00004350: 00000100 00200209 c0000101 00040919    ...... .........
00004360: ffff0200 050700ff 02000281 02050700    ................
00004370: 00020002 00200209 c0000101 00040919    ...... .........
00004380: ffff0200 050700ff 00400281 02050700    ..........@.....
00004390: 00004002 c00a1000 c00a0000 c00a9000    .@..............
000043a0: c00a8000 00000032 00000033 c005b000    ....2...3.......
000043b0: c005c000 c005f000 c00ac000 c00ad000    ................
000043c0: c00a7000 0000002c 0000002d 0000002e    .p..,...-.......
000043d0: 0000002f 00000030 00000031 4e003a30    /...0...1...0:.N
000043e0: 54414458 42532e41 584e0048 41544144    XDATA.SBH.NXDATA
000043f0: 4c42532e 54414600 54414600 20003233    .SBL.FAT.FAT32. 
00004400: 5b3b2c2b 2a225d3d 3f3e3c3a 00007f7c    +,;[=]"*:<>?|...
00004410: 00000000 00000000 00000000 00000000    ................
00004420: 00000000 00000000 00000000 00000000    ................
00004430: 00000000 00000000 00000000 00000000    ................
00004440: 00000000 00000000 00000000 00000000    ................
00004450: 00000000 00000000 00000000 00000000    ................
00004460: 00000000 00000000 00000000 00000000    ................
00004470: 00000000 00000000 00000000 00000000    ................
00004480: 00000000 00000000 00000000 00000000    ................
00004490: 00000000 00000000 00000000 00000000    ................
000044a0: 00000000 00000000 00000000 00000000    ................
000044b0: 00000000 00000000 00000000 00000000    ................
000044c0: 00000000 00000000 00000000 00000000    ................
000044d0: 00000000 00000000 00000000 00000000    ................
000044e0: 00000000 00000000 00000000 00000000    ................
000044f0: 00000000 00000000 00000000 00000000    ................
00004500: 00000000 00000000 00000000 00000000    ................
00004510: 00000000 00000000 00000000 00000000    ................
00004520: 00000000 00000000 00000000 00000000    ................
00004530: 00000000 00000000 00000000 00000000    ................
00004540: 00000000 00000000 00000000 00000000    ................
00004550: 00000000 00000000 00000000 00000000    ................
00004560: 00000000 00000000 00000000 00000000    ................
00004570: 00000000 00000000 00000000 00000000    ................
00004580: 00000000 00000000 00000000 00000000    ................
00004590: 00000000 00000000 00000000 00000000    ................
000045a0: 00000000 00000000 00000000 00000000    ................
000045b0: 00000000 00000000 00000000 00000000    ................
000045c0: 00000000 00000000 00000000 00000000    ................
000045d0: 00000000 00000000 00000000 00000000    ................
000045e0: 00000000 00000000 00000000 00000000    ................
000045f0: 00000000 00000000 00000000 00000000    ................
00004600: 00000000 00000000 00000000 00000000    ................
00004610: 00000000 00000000 00000000 00000000    ................
00004620: 00000000 00000000 00000000 00000000    ................
00004630: 00000000 00000000 00000000 00000000    ................
00004640: 00000000 00000000 00000000 00000000    ................
00004650: 00000000 00000000 00000000 00000000    ................
00004660: 00000000 00000000 00000000 00000000    ................
00004670: 00000000 00000000 00000000 00000000    ................
00004680: 00000000 00000000 00000000 00000000    ................
00004690: 00000000 00000000 00000000 00000000    ................
000046a0: 00000000 00000000 00000000 00000000    ................
000046b0: 00000000 00000000 00000000 00000000    ................
000046c0: 00000000 00000000 00000000 00000000    ................
000046d0: 00000000 00000000 00000000 00000000    ................
000046e0: 00000000 00000000 00000000 00000000    ................
000046f0: 00000000 00000000 00000000 00000000    ................
00004700: 00000000 00000000 00000000 00000000    ................
00004710: 00000000 00000000 00000000 00000000    ................
00004720: 00000000 00000000 00000000 00000000    ................
00004730: 00000000 00000000 00000000 00000000    ................
00004740: 00000000 00000000 00000000 00000000    ................
00004750: 00000000 00000000 00000000 00000000    ................
00004760: 00000000 00000000 00000000 00000000    ................
00004770: 00000000 00000000 00000000 00000000    ................
00004780: 00000000 00000000 00000000 00000000    ................
00004790: 00000000 00000000 00000000 00000000    ................
000047a0: 00000000 00000000 00000000 00000000    ................
000047b0: 00000000 00000000 00000000 00000000    ................
000047c0: 00000000 00000000 00000000 00000000    ................
000047d0: 00000000 00000000 00000000 00000000    ................
000047e0: 00000000 00000000 00000000 00000000    ................
000047f0: 00000000 00000000 00000000 00000000    ................
00004800: 00000000 00000000 00000000 00000000    ................
00004810: 00000000 00000000 00000000 00000000    ................
00004820: 00000000 00000000 00000000 00000000    ................
00004830: 00000000 00000000 00000000 00000000    ................
00004840: 00000000 00000000 00000000 00000000    ................
00004850: 00000000 00000000 00000000 00000000    ................
00004860: 00000000 00000000 00000000 00000000    ................
00004870: 00000000 00000000 00000000 00000000    ................
00004880: 00000000 00000000 00000000 00000000    ................
00004890: 00000000 00000000 00000000 00000000    ................
000048a0: 00000000 00000000 00000000 00000000    ................
000048b0: 00000000 00000000 00000000 00000000    ................
000048c0: 00000000 00000000 00000000 00000000    ................
000048d0: 00000000 00000000 00000000 00000000    ................
000048e0: 00000000 00000000 00000000 00000000    ................
000048f0: 00000000 00000000 00000000 00000000    ................
00004900: 00000000 00000000 00000000 00000000    ................
00004910: 00000000 00000000 00000000 00000000    ................
00004920: 00000000 00000000 00000000 00000000    ................
00004930: 00000000 00000000 00000000 00000000    ................
00004940: 00000000 00000000 00000000 00000000    ................
00004950: 00000000 00000000 00000000 00000000    ................
00004960: 00000000 00000000 00000000 00000000    ................
00004970: 00000000 00000000 00000000 00000000    ................
00004980: 00000000 00000000 00000000 00000000    ................
00004990: 00000000 00000000 00000000 00000000    ................
000049a0: 00000000 00000000 00000000 00000000    ................
000049b0: 00000000 00000000 00000000 00000000    ................
000049c0: 00000000 00000000 00000000 00000000    ................
000049d0: 00000000 00000000 00000000 00000000    ................
000049e0: 00000000 00000000 00000000 00000000    ................
000049f0: 00000000 00000000 00000000 00000000    ................
00004a00: 00000000 00000000 00000000 00000000    ................
00004a10: 00000000 00000000 00000000 00000000    ................
00004a20: 00000000 00000000 00000000 00000000    ................
00004a30: 00000000 00000000 00000000 00000000    ................
00004a40: 00000000 00000000 00000000 00000000    ................
00004a50: 00000000 00000000 00000000 00000000    ................
00004a60: 00000000 00000000 00000000 00000000    ................
00004a70: 00000000 00000000 00000000 00000000    ................
00004a80: 00000000 00000000 00000000 00000000    ................
00004a90: 00000000 00000000 00000000 00000000    ................
00004aa0: 00000000 00000000 00000000 00000000    ................
00004ab0: 00000000 00000000 00000000 00000000    ................
00004ac0: 00000000 00000000 00000000 00000000    ................
00004ad0: 00000000 00000000 00000000 00000000    ................
00004ae0: 00000000 00000000 00000000 00000000    ................
00004af0: 00000000 00000000 00000000 00000000    ................
00004b00: 00000000 00000000 00000000 00000000    ................
00004b10: 00000000 00000000 00000000 00000000    ................
00004b20: 00000000 00000000 00000000 00000000    ................
00004b30: 00000000 00000000 00000000 00000000    ................
00004b40: 00000000 00000000 00000000 00000000    ................
00004b50: 00000000 00000000 00000000 00000000    ................
00004b60: 00000000 00000000 00000000 00000000    ................
00004b70: 00000000 00000000 00000000 00000000    ................
00004b80: 00000000 00000000 00000000 00000000    ................
00004b90: 00000000 00000000 00000000 00000000    ................
00004ba0: 00000000 00000000 00000000 00000000    ................
00004bb0: 00000000 00000000 00000000 00000000    ................
00004bc0: 00000000 00000000 00000000 00000000    ................
00004bd0: 00000000 00000000 00000000 00000000    ................
00004be0: 00000000 00000000 00000000 00000000    ................
00004bf0: 00000000 00000000 00000000 00000000    ................
00004c00: 00000000 00000000 00000000 00000000    ................
00004c10: 00000000 00000000 00000000 00000000    ................
00004c20: 00000000 00000000 00000000 00000000    ................
00004c30: 00000000 00000000 00000000 00000000    ................
00004c40: 00000000 00000000 00000000 00000000    ................
00004c50: 00000000 00000000 00000000 00000000    ................
00004c60: 00000000 00000000 00000000 00000000    ................
00004c70: 00000000 00000000 00000000 00000000    ................
00004c80: 00000000 00000000 00000000 00000000    ................
00004c90: 00000000 00000000 00000000 00000000    ................
00004ca0: 00000000 00000000 00000000 00000000    ................
00004cb0: 00000000 00000000 00000000 00000000    ................
00004cc0: 00000000 00000000 00000000 00000000    ................
00004cd0: 00000000 00000000 00000000 00000000    ................
00004ce0: 00000000 00000000 00000000 00000000    ................
00004cf0: 00000000 00000000 00000000 00000000    ................
00004d00: 00000000 00000000 00000000 00000000    ................
00004d10: 00000000 00000000 00000000 00000000    ................
00004d20: 00000000 00000000 00000000 00000000    ................
00004d30: 00000000 00000000 00000000 00000000    ................
00004d40: 00000000 00000000 00000000 00000000    ................
00004d50: 00000000 00000000 00000000 00000000    ................
00004d60: 00000000 00000000 00000000 00000000    ................
00004d70: 00000000 00000000 00000000 00000000    ................
00004d80: 00000000 00000000 00000000 00000000    ................
00004d90: 00000000 00000000 00000000 00000000    ................
00004da0: 00000000 00000000 00000000 00000000    ................
00004db0: 00000000 00000000 00000000 00000000    ................
00004dc0: 00000000 00000000 00000000 00000000    ................
00004dd0: 00000000 00000000 00000000 00000000    ................
00004de0: 00000000 00000000 00000000 00000000    ................
00004df0: 00000000 00000000 00000000 00000000    ................
00004e00: 00000000 00000000 00000000 00000000    ................
00004e10: 00000000 00000000 00000000 00000000    ................
00004e20: 00000000 00000000 00000000 00000000    ................
00004e30: 00000000 00000000 00000000 00000000    ................
00004e40: 00000000 00000000 00000000 00000000    ................
00004e50: 00000000 00000000 00000000 00000000    ................
00004e60: 00000000 00000000 00000000 00000000    ................
00004e70: 00000000 00000000 00000000 00000000    ................
00004e80: 00000000 00000000 00000000 00000000    ................
00004e90: 00000000 00000000 00000000 00000000    ................
00004ea0: 00000000 00000000 00000000 00000000    ................
00004eb0: 00000000 00000000 00000000 00000000    ................
00004ec0: 00000000 00000000 00000000 00000000    ................
00004ed0: 00000000 00000000 00000000 00000000    ................
00004ee0: 00000000 00000000 00000000 00000000    ................
00004ef0: 00000000 00000000 00000000 00000000    ................
00004f00: 00000000 00000000 00000000 00000000    ................
00004f10: 00000000 00000000 00000000 00000000    ................
00004f20: 00000000 00000000 00000000 00000000    ................
00004f30: 00000000 00000000 00000000 00000000    ................
00004f40: 00000000 00000000 00000000 00000000    ................
00004f50: 00000000 00000000 00000000 00000000    ................
00004f60: 00000000 00000000 00000000 00000000    ................
00004f70: 00000000 00000000 00000000 00000000    ................
00004f80: 00000000 00000000 00000000 00000000    ................
00004f90: 00000000 00000000 00000000 00000000    ................
00004fa0: 00000000 00000000 00000000 00000000    ................
00004fb0: 00000000 00000000 00000000 00000000    ................
00004fc0: 00000000 00000000 00000000 00000000    ................
00004fd0: 00000000 00000000 00000000 00000000    ................
00004fe0: 00000000 00000000 00000000 00000000    ................
00004ff0: 00000000 00000000 00000000 04000000    ................
